Dimension mismatch [0-65536-/net/per610a/export/das11f/ledduy/plsang/haipn/UCF101/descriptors/v_Basketball_g06_c01/v_Basketball_g06_c01.mp4.sift_shot0_clusterBG.info.256.fisher]. Skipped !!
Dimension mismatch [0-65536-/net/per610a/export/das11f/ledduy/plsang/haipn/UCF101/descriptors/v_HorseRiding_g08_c03/v_HorseRiding_g08_c03.mp4.sift_shot0_clusterBG.info.256.fisher]. Skipped !!
Dimension mismatch [0-65536-/net/per610a/export/das11f/ledduy/plsang/haipn/UCF101/descriptors/v_HorseRiding_g08_c01/v_HorseRiding_g08_c01.mp4.sift_shot0_clusterBG.info.256.fisher]. Skipped !!
Dimension mismatch [0-65536-/net/per610a/export/das11f/ledduy/plsang/haipn/UCF101/descriptors/v_HorseRiding_g07_c03/v_HorseRiding_g07_c03.mp4.sift_shot0_clusterBG.info.256.fisher]. Skipped !!
Dimension mismatch [0-65536-/net/per610a/export/das11f/ledduy/plsang/haipn/UCF101/descriptors/v_Kayaking_g11_c02/v_Kayaking_g11_c02.mp4.sift_shot0_clusterBG.info.256.fisher]. Skipped !!
Dimension mismatch [0-65536-/net/per610a/export/das11f/ledduy/plsang/haipn/UCF101/descriptors/v_Kayaking_g11_c01/v_Kayaking_g11_c01.mp4.sift_shot0_clusterBG.info.256.fisher]. Skipped !!
Dimension mismatch [0-65536-/net/per610a/export/das11f/ledduy/plsang/haipn/UCF101/descriptors/v_HorseRiding_g04_c07/v_HorseRiding_g04_c07.mp4.sift_shot0_clusterBG.info.256.fisher]. Skipped !!
Dimension mismatch [0-65536-/net/per610a/export/das11f/ledduy/plsang/haipn/UCF101/descriptors/v_Kayaking_g08_c05/v_Kayaking_g08_c05.mp4.sift_shot0_clusterBG.info.256.fisher]. Skipped !!
Dimension mismatch [0-65536-/net/per610a/export/das11f/ledduy/plsang/haipn/UCF101/descriptors/v_Kayaking_g08_c03/v_Kayaking_g08_c03.mp4.sift_shot0_clusterBG.info.256.fisher]. Skipped !!
Dimension mismatch [0-65536-/net/per610a/export/das11f/ledduy/plsang/haipn/UCF101/descriptors/v_HorseRiding_g03_c03/v_HorseRiding_g03_c03.mp4.sift_shot0_clusterBG.info.256.fisher]. Skipped !!
Dimension mismatch [0-65536-/net/per610a/export/das11f/ledduy/plsang/haipn/UCF101/descriptors/v_Kayaking_g07_c04/v_Kayaking_g07_c04.mp4.sift_shot0_clusterBG.info.256.fisher]. Skipped !!
Dimension mismatch [0-65536-/net/per610a/export/das11f/ledduy/plsang/haipn/UCF101/descriptors/v_HorseRiding_g03_c02/v_HorseRiding_g03_c02.mp4.sift_shot0_clusterBG.info.256.fisher]. Skipped !!
Dimension mismatch [0-65536-/net/per610a/export/das11f/ledduy/plsang/haipn/UCF101/descriptors/v_Kayaking_g07_c03/v_Kayaking_g07_c03.mp4.sift_shot0_clusterBG.info.256.fisher]. Skipped !!
Dimension mismatch [0-65536-/net/per610a/export/das11f/ledduy/plsang/haipn/UCF101/descriptors/v_Kayaking_g07_c02/v_Kayaking_g07_c02.mp4.sift_shot0_clusterBG.info.256.fisher]. Skipped !!
Dimension mismatch [0-65536-/net/per610a/export/das11f/ledduy/plsang/haipn/UCF101/descriptors/v_Kayaking_g06_c06/v_Kayaking_g06_c06.mp4.sift_shot0_clusterBG.info.256.fisher]. Skipped !!
Dimension mismatch [0-65536-/net/per610a/export/das11f/ledduy/plsang/haipn/UCF101/descriptors/v_Kayaking_g06_c01/v_Kayaking_g06_c01.mp4.sift_shot0_clusterBG.info.256.fisher]. Skipped !!
Dimension mismatch [0-65536-/net/per610a/export/das11f/ledduy/plsang/haipn/UCF101/descriptors/v_HorseRiding_g01_c04/v_HorseRiding_g01_c04.mp4.sift_shot0_clusterBG.info.256.fisher]. Skipped !!
Dimension mismatch [0-65536-/net/per610a/export/das11f/ledduy/plsang/haipn/UCF101/descriptors/v_HorseRiding_g01_c03/v_HorseRiding_g01_c03.mp4.sift_shot0_clusterBG.info.256.fisher]. Skipped !!
Dimension mismatch [0-65536-/net/per610a/export/das11f/ledduy/plsang/haipn/UCF101/descriptors/v_BasketballDunk_g20_c01/v_BasketballDunk_g20_c01.mp4.sift_shot0_clusterBG.info.256.fisher]. Skipped !!
Dimension mismatch [0-65536-/net/per610a/export/das11f/ledduy/plsang/haipn/UCF101/descriptors/v_Kayaking_g04_c03/v_Kayaking_g04_c03.mp4.sift_shot0_clusterBG.info.256.fisher]. Skipped !!
Dimension mismatch [0-65536-/net/per610a/export/das11f/ledduy/plsang/haipn/UCF101/descriptors/v_MoppingFloor_g20_c03/v_MoppingFloor_g20_c03.mp4.sift_shot0_clusterBG.info.256.fisher]. Skipped !!
Dimension mismatch [0-65536-/net/per610a/export/das11f/ledduy/plsang/haipn/UCF101/descriptors/v_Kayaking_g03_c04/v_Kayaking_g03_c04.mp4.sift_shot0_clusterBG.info.256.fisher]. Skipped !!
Dimension mismatch [0-65536-/net/per610a/export/das11f/ledduy/plsang/haipn/UCF101/descriptors/v_BasketballDunk_g15_c06/v_BasketballDunk_g15_c06.mp4.sift_shot0_clusterBG.info.256.fisher]. Skipped !!
Dimension mismatch [0-65536-/net/per610a/export/das11f/ledduy/plsang/haipn/UCF101/descriptors/v_BasketballDunk_g15_c05/v_BasketballDunk_g15_c05.mp4.sift_shot0_clusterBG.info.256.fisher]. Skipped !!
Dimension mismatch [0-65536-/net/per610a/export/das11f/ledduy/plsang/haipn/UCF101/descriptors/v_Bowling_g21_c05/v_Bowling_g21_c05.mp4.sift_shot0_clusterBG.info.256.fisher]. Skipped !!
Dimension mismatch [0-65536-/net/per610a/export/das11f/ledduy/plsang/haipn/UCF101/descriptors/v_MoppingFloor_g13_c04/v_MoppingFloor_g13_c04.mp4.sift_shot0_clusterBG.info.256.fisher]. Skipped !!
Dimension mismatch [0-65536-/net/per610a/export/das11f/ledduy/plsang/haipn/UCF101/descriptors/v_MoppingFloor_g13_c01/v_MoppingFloor_g13_c01.mp4.sift_shot0_clusterBG.info.256.fisher]. Skipped !!
Dimension mismatch [0-65536-/net/per610a/export/das11f/ledduy/plsang/haipn/UCF101/descriptors/v_BasketballDunk_g07_c04/v_BasketballDunk_g07_c04.mp4.sift_shot0_clusterBG.info.256.fisher]. Skipped !!
Dimension mismatch [0-65536-/net/per610a/export/das11f/ledduy/plsang/haipn/UCF101/descriptors/v_Bowling_g12_c04/v_Bowling_g12_c04.mp4.sift_shot0_clusterBG.info.256.fisher]. Skipped !!
Dimension mismatch [0-65536-/net/per610a/export/das11f/ledduy/plsang/haipn/UCF101/descriptors/v_FrontCrawl_g25_c02/v_FrontCrawl_g25_c02.mp4.sift_shot0_clusterBG.info.256.fisher]. Skipped !!
Dimension mismatch [0-65536-/net/per610a/export/das11f/ledduy/plsang/haipn/UCF101/descriptors/v_FrontCrawl_g25_c01/v_FrontCrawl_g25_c01.mp4.sift_shot0_clusterBG.info.256.fisher]. Skipped !!
Dimension mismatch [0-65536-/net/per610a/export/das11f/ledduy/plsang/haipn/UCF101/descriptors/v_FrontCrawl_g24_c06/v_FrontCrawl_g24_c06.mp4.sift_shot0_clusterBG.info.256.fisher]. Skipped !!
Dimension mismatch [0-65536-/net/per610a/export/das11f/ledduy/plsang/haipn/UCF101/descriptors/v_FrontCrawl_g24_c05/v_FrontCrawl_g24_c05.mp4.sift_shot0_clusterBG.info.256.fisher]. Skipped !!
Dimension mismatch [0-65536-/net/per610a/export/das11f/ledduy/plsang/haipn/UCF101/descriptors/v_PlayingDaf_g19_c03/v_PlayingDaf_g19_c03.mp4.sift_shot0_clusterBG.info.256.fisher]. Skipped !!
Dimension mismatch [0-65536-/net/per610a/export/das11f/ledduy/plsang/haipn/UCF101/descriptors/v_FrontCrawl_g24_c03/v_FrontCrawl_g24_c03.mp4.sift_shot0_clusterBG.info.256.fisher]. Skipped !!
Dimension mismatch [0-65536-/net/per610a/export/das11f/ledduy/plsang/haipn/UCF101/descriptors/v_FrontCrawl_g23_c06/v_FrontCrawl_g23_c06.mp4.sift_shot0_clusterBG.info.256.fisher]. Skipped !!
Dimension mismatch [0-65536-/net/per610a/export/das11f/ledduy/plsang/haipn/UCF101/descriptors/v_PlayingDaf_g17_c03/v_PlayingDaf_g17_c03.mp4.sift_shot0_clusterBG.info.256.fisher]. Skipped !!
Dimension mismatch [0-65536-/net/per610a/export/das11f/ledduy/plsang/haipn/UCF101/descriptors/v_CricketShot_g12_c04/v_CricketShot_g12_c04.mp4.sift_shot0_clusterBG.info.256.fisher]. Skipped !!
Dimension mismatch [0-65536-/net/per610a/export/das11f/ledduy/plsang/haipn/UCF101/descriptors/v_FrontCrawl_g18_c01/v_FrontCrawl_g18_c01.mp4.sift_shot0_clusterBG.info.256.fisher]. Skipped !!
Dimension mismatch [0-65536-/net/per610a/export/das11f/ledduy/plsang/haipn/UCF101/descriptors/v_FrontCrawl_g17_c05/v_FrontCrawl_g17_c05.mp4.sift_shot0_clusterBG.info.256.fisher]. Skipped !!
Dimension mismatch [0-65536-/net/per610a/export/das11f/ledduy/plsang/haipn/UCF101/descriptors/v_HighJump_g22_c05/v_HighJump_g22_c05.mp4.sift_shot0_clusterBG.info.256.fisher]. Skipped !!
File [/net/per610a/export/das11f/ledduy/plsang/haipn/UCF101/descriptors/v_HighJump_g22_c02/v_HighJump_g22_c02.mp4.sift_shot0_clusterBG.info.256.fisher] does not exist!
Dimension mismatch [0-65536-/net/per610a/export/das11f/ledduy/plsang/haipn/UCF101/descriptors/v_FrontCrawl_g14_c07/v_FrontCrawl_g14_c07.mp4.sift_shot0_clusterBG.info.256.fisher]. Skipped !!
Dimension mismatch [0-65536-/net/per610a/export/das11f/ledduy/plsang/haipn/UCF101/descriptors/v_FrontCrawl_g14_c06/v_FrontCrawl_g14_c06.mp4.sift_shot0_clusterBG.info.256.fisher]. Skipped !!
Dimension mismatch [0-65536-/net/per610a/export/das11f/ledduy/plsang/haipn/UCF101/descriptors/v_Bowling_g02_c01/v_Bowling_g02_c01.mp4.sift_shot0_clusterBG.info.256.fisher]. Skipped !!
Dimension mismatch [0-65536-/net/per610a/export/das11f/ledduy/plsang/haipn/UCF101/descriptors/v_HighJump_g20_c03/v_HighJump_g20_c03.mp4.sift_shot0_clusterBG.info.256.fisher]. Skipped !!
Dimension mismatch [0-65536-/net/per610a/export/das11f/ledduy/plsang/haipn/UCF101/descriptors/v_HighJump_g20_c02/v_HighJump_g20_c02.mp4.sift_shot0_clusterBG.info.256.fisher]. Skipped !!
File [/net/per610a/export/das11f/ledduy/plsang/haipn/UCF101/descriptors/v_FrontCrawl_g13_c04/v_FrontCrawl_g13_c04.mp4.sift_shot0_clusterBG.info.256.fisher] does not exist!
File [/net/per610a/export/das11f/ledduy/plsang/haipn/UCF101/descriptors/v_FrontCrawl_g13_c03/v_FrontCrawl_g13_c03.mp4.sift_shot0_clusterBG.info.256.fisher] does not exist!
File [/net/per610a/export/das11f/ledduy/plsang/haipn/UCF101/descriptors/v_FrontCrawl_g13_c02/v_FrontCrawl_g13_c02.mp4.sift_shot0_clusterBG.info.256.fisher] does not exist!
File [/net/per610a/export/das11f/ledduy/plsang/haipn/UCF101/descriptors/v_FrontCrawl_g13_c01/v_FrontCrawl_g13_c01.mp4.sift_shot0_clusterBG.info.256.fisher] does not exist!
Dimension mismatch [0-65536-/net/per610a/export/das11f/ledduy/plsang/haipn/UCF101/descriptors/v_FrontCrawl_g11_c05/v_FrontCrawl_g11_c05.mp4.sift_shot0_clusterBG.info.256.fisher]. Skipped !!
Dimension mismatch [0-65536-/net/per610a/export/das11f/ledduy/plsang/haipn/UCF101/descriptors/v_HighJump_g17_c03/v_HighJump_g17_c03.mp4.sift_shot0_clusterBG.info.256.fisher]. Skipped !!
Dimension mismatch [0-65536-/net/per610a/export/das11f/ledduy/plsang/haipn/UCF101/descriptors/v_Mixing_g11_c01/v_Mixing_g11_c01.mp4.sift_shot0_clusterBG.info.256.fisher]. Skipped !!
Dimension mismatch [0-65536-/net/per610a/export/das11f/ledduy/plsang/haipn/UCF101/descriptors/v_FrontCrawl_g10_c04/v_FrontCrawl_g10_c04.mp4.sift_shot0_clusterBG.info.256.fisher]. Skipped !!
Dimension mismatch [0-65536-/net/per610a/export/das11f/ledduy/plsang/haipn/UCF101/descriptors/v_FrontCrawl_g10_c02/v_FrontCrawl_g10_c02.mp4.sift_shot0_clusterBG.info.256.fisher]. Skipped !!
Dimension mismatch [0-65536-/net/per610a/export/das11f/ledduy/plsang/haipn/UCF101/descriptors/v_FrontCrawl_g10_c01/v_FrontCrawl_g10_c01.mp4.sift_shot0_clusterBG.info.256.fisher]. Skipped !!
Dimension mismatch [0-65536-/net/per610a/export/das11f/ledduy/plsang/haipn/UCF101/descriptors/v_BaseballPitch_g15_c02/v_BaseballPitch_g15_c02.mp4.sift_shot0_clusterBG.info.256.fisher]. Skipped !!
Dimension mismatch [0-65536-/net/per610a/export/das11f/ledduy/plsang/haipn/UCF101/descriptors/v_HighJump_g14_c03/v_HighJump_g14_c03.mp4.sift_shot0_clusterBG.info.256.fisher]. Skipped !!
Dimension mismatch [0-65536-/net/per610a/export/das11f/ledduy/plsang/haipn/UCF101/descriptors/v_FrontCrawl_g08_c03/v_FrontCrawl_g08_c03.mp4.sift_shot0_clusterBG.info.256.fisher]. Skipped !!
File [/net/per610a/export/das11f/ledduy/plsang/haipn/UCF101/descriptors/v_HighJump_g14_c01/v_HighJump_g14_c01.mp4.sift_shot0_clusterBG.info.256.fisher] does not exist!
File [/net/per610a/export/das11f/ledduy/plsang/haipn/UCF101/descriptors/v_FrontCrawl_g07_c07/v_FrontCrawl_g07_c07.mp4.sift_shot0_clusterBG.info.256.fisher] does not exist!
Dimension mismatch [0-65536-/net/per610a/export/das11f/ledduy/plsang/haipn/UCF101/descriptors/v_HighJump_g13_c04/v_HighJump_g13_c04.mp4.sift_shot0_clusterBG.info.256.fisher]. Skipped !!
File [/net/per610a/export/das11f/ledduy/plsang/haipn/UCF101/descriptors/v_FrontCrawl_g07_c03/v_FrontCrawl_g07_c03.mp4.sift_shot0_clusterBG.info.256.fisher] does not exist!
Dimension mismatch [0-65536-/net/per610a/export/das11f/ledduy/plsang/haipn/UCF101/descriptors/v_HighJump_g11_c04/v_HighJump_g11_c04.mp4.sift_shot0_clusterBG.info.256.fisher]. Skipped !!
Dimension mismatch [0-65536-/net/per610a/export/das11f/ledduy/plsang/haipn/UCF101/descriptors/v_HighJump_g11_c02/v_HighJump_g11_c02.mp4.sift_shot0_clusterBG.info.256.fisher]. Skipped !!
File [/net/per610a/export/das11f/ledduy/plsang/haipn/UCF101/descriptors/v_HighJump_g09_c04/v_HighJump_g09_c04.mp4.sift_shot0_clusterBG.info.256.fisher] does not exist!
Dimension mismatch [0-65536-/net/per610a/export/das11f/ledduy/plsang/haipn/UCF101/descriptors/v_FrontCrawl_g03_c02/v_FrontCrawl_g03_c02.mp4.sift_shot0_clusterBG.info.256.fisher]. Skipped !!
Dimension mismatch [0-65536-/net/per610a/export/das11f/ledduy/plsang/haipn/UCF101/descriptors/v_HighJump_g07_c05/v_HighJump_g07_c05.mp4.sift_shot0_clusterBG.info.256.fisher]. Skipped !!
Dimension mismatch [0-65536-/net/per610a/export/das11f/ledduy/plsang/haipn/UCF101/descriptors/v_HighJump_g07_c04/v_HighJump_g07_c04.mp4.sift_shot0_clusterBG.info.256.fisher]. Skipped !!
File [/net/per610a/export/das11f/ledduy/plsang/haipn/UCF101/descriptors/v_HighJump_g07_c02/v_HighJump_g07_c02.mp4.sift_shot0_clusterBG.info.256.fisher] does not exist!
Dimension mismatch [0-65536-/net/per610a/export/das11f/ledduy/plsang/haipn/UCF101/descriptors/v_HighJump_g06_c04/v_HighJump_g06_c04.mp4.sift_shot0_clusterBG.info.256.fisher]. Skipped !!
Dimension mismatch [0-65536-/net/per610a/export/das11f/ledduy/plsang/haipn/UCF101/descriptors/v_HighJump_g06_c02/v_HighJump_g06_c02.mp4.sift_shot0_clusterBG.info.256.fisher]. Skipped !!
Dimension mismatch [0-65536-/net/per610a/export/das11f/ledduy/plsang/haipn/UCF101/descriptors/v_HighJump_g05_c02/v_HighJump_g05_c02.mp4.sift_shot0_clusterBG.info.256.fisher]. Skipped !!
Dimension mismatch [0-65536-/net/per610a/export/das11f/ledduy/plsang/haipn/UCF101/descriptors/v_HighJump_g02_c06/v_HighJump_g02_c06.mp4.sift_shot0_clusterBG.info.256.fisher]. Skipped !!
Dimension mismatch [0-65536-/net/per610a/export/das11f/ledduy/plsang/haipn/UCF101/descriptors/v_FrisbeeCatch_g17_c01/v_FrisbeeCatch_g17_c01.mp4.sift_shot0_clusterBG.info.256.fisher]. Skipped !!
Dimension mismatch [0-65536-/net/per610a/export/das11f/ledduy/plsang/haipn/UCF101/descriptors/v_HeadMassage_g22_c01/v_HeadMassage_g22_c01.mp4.sift_shot0_clusterBG.info.256.fisher]. Skipped !!
File [/net/per610a/export/das11f/ledduy/plsang/haipn/UCF101/descriptors/v_HeadMassage_g20_c05/v_HeadMassage_g20_c05.mp4.sift_shot0_clusterBG.info.256.fisher] does not exist!
Dimension mismatch [0-65536-/net/per610a/export/das11f/ledduy/plsang/haipn/UCF101/descriptors/v_CricketBowling_g12_c02/v_CricketBowling_g12_c02.mp4.sift_shot0_clusterBG.info.256.fisher]. Skipped !!
Dimension mismatch [0-65536-/net/per610a/export/das11f/ledduy/plsang/haipn/UCF101/descriptors/v_BandMarching_g21_c01/v_BandMarching_g21_c01.mp4.sift_shot0_clusterBG.info.256.fisher]. Skipped !!
Dimension mismatch [0-65536-/net/per610a/export/das11f/ledduy/plsang/haipn/UCF101/descriptors/v_MilitaryParade_g13_c03/v_MilitaryParade_g13_c03.mp4.sift_shot0_clusterBG.info.256.fisher]. Skipped !!
Dimension mismatch [0-65536-/net/per610a/export/das11f/ledduy/plsang/haipn/UCF101/descriptors/v_FrisbeeCatch_g10_c02/v_FrisbeeCatch_g10_c02.mp4.sift_shot0_clusterBG.info.256.fisher]. Skipped !!
Dimension mismatch [0-65536-/net/per610a/export/das11f/ledduy/plsang/haipn/UCF101/descriptors/v_FrisbeeCatch_g09_c05/v_FrisbeeCatch_g09_c05.mp4.sift_shot0_clusterBG.info.256.fisher]. Skipped !!
Dimension mismatch [0-65536-/net/per610a/export/das11f/ledduy/plsang/haipn/UCF101/descriptors/v_CricketBowling_g07_c04/v_CricketBowling_g07_c04.mp4.sift_shot0_clusterBG.info.256.fisher]. Skipped !!
Dimension mismatch [0-65536-/net/per610a/export/das11f/ledduy/plsang/haipn/UCF101/descriptors/v_FrisbeeCatch_g07_c05/v_FrisbeeCatch_g07_c05.mp4.sift_shot0_clusterBG.info.256.fisher]. Skipped !!
Dimension mismatch [0-65536-/net/per610a/export/das11f/ledduy/plsang/haipn/UCF101/descriptors/v_FrisbeeCatch_g05_c05/v_FrisbeeCatch_g05_c05.mp4.sift_shot0_clusterBG.info.256.fisher]. Skipped !!
Dimension mismatch [0-65536-/net/per610a/export/das11f/ledduy/plsang/haipn/UCF101/descriptors/v_FrisbeeCatch_g05_c04/v_FrisbeeCatch_g05_c04.mp4.sift_shot0_clusterBG.info.256.fisher]. Skipped !!
Dimension mismatch [0-65536-/net/per610a/export/das11f/ledduy/plsang/haipn/UCF101/descriptors/v_HeadMassage_g12_c06/v_HeadMassage_g12_c06.mp4.sift_shot0_clusterBG.info.256.fisher]. Skipped !!
Dimension mismatch [0-65536-/net/per610a/export/das11f/ledduy/plsang/haipn/UCF101/descriptors/v_FrisbeeCatch_g02_c02/v_FrisbeeCatch_g02_c02.mp4.sift_shot0_clusterBG.info.256.fisher]. Skipped !!
Dimension mismatch [0-65536-/net/per610a/export/das11f/ledduy/plsang/haipn/UCF101/descriptors/v_FrisbeeCatch_g01_c04/v_FrisbeeCatch_g01_c04.mp4.sift_shot0_clusterBG.info.256.fisher]. Skipped !!
Dimension mismatch [0-65536-/net/per610a/export/das11f/ledduy/plsang/haipn/UCF101/descriptors/v_FrisbeeCatch_g01_c03/v_FrisbeeCatch_g01_c03.mp4.sift_shot0_clusterBG.info.256.fisher]. Skipped !!
Dimension mismatch [0-65536-/net/per610a/export/das11f/ledduy/plsang/haipn/UCF101/descriptors/v_HeadMassage_g09_c01/v_HeadMassage_g09_c01.mp4.sift_shot0_clusterBG.info.256.fisher]. Skipped !!
Dimension mismatch [0-65536-/net/per610a/export/das11f/ledduy/plsang/haipn/UCF101/descriptors/v_HeadMassage_g08_c04/v_HeadMassage_g08_c04.mp4.sift_shot0_clusterBG.info.256.fisher]. Skipped !!
Dimension mismatch [0-65536-/net/per610a/export/das11f/ledduy/plsang/haipn/UCF101/descriptors/v_FloorGymnastics_g22_c02/v_FloorGymnastics_g22_c02.mp4.sift_shot0_clusterBG.info.256.fisher]. Skipped !!
Dimension mismatch [0-65536-/net/per610a/export/das11f/ledduy/plsang/haipn/UCF101/descriptors/v_FloorGymnastics_g22_c01/v_FloorGymnastics_g22_c01.mp4.sift_shot0_clusterBG.info.256.fisher]. Skipped !!
Dimension mismatch [0-65536-/net/per610a/export/das11f/ledduy/plsang/haipn/UCF101/descriptors/v_FloorGymnastics_g20_c04/v_FloorGymnastics_g20_c04.mp4.sift_shot0_clusterBG.info.256.fisher]. Skipped !!
Dimension mismatch [0-65536-/net/per610a/export/das11f/ledduy/plsang/haipn/UCF101/descriptors/v_CliffDiving_g21_c01/v_CliffDiving_g21_c01.mp4.sift_shot0_clusterBG.info.256.fisher]. Skipped !!
Dimension mismatch [0-65536-/net/per610a/export/das11f/ledduy/plsang/haipn/UCF101/descriptors/v_BlowingCandles_g03_c03/v_BlowingCandles_g03_c03.mp4.sift_shot0_clusterBG.info.256.fisher]. Skipped !!
Dimension mismatch [0-65536-/net/per610a/export/das11f/ledduy/plsang/haipn/UCF101/descriptors/v_BandMarching_g06_c01/v_BandMarching_g06_c01.mp4.sift_shot0_clusterBG.info.256.fisher]. Skipped !!
Dimension mismatch [0-65536-/net/per610a/export/das11f/ledduy/plsang/haipn/UCF101/descriptors/v_BlowDryHair_g23_c07/v_BlowDryHair_g23_c07.mp4.sift_shot0_clusterBG.info.256.fisher]. Skipped !!
Dimension mismatch [0-65536-/net/per610a/export/das11f/ledduy/plsang/haipn/UCF101/descriptors/v_PizzaTossing_g21_c03/v_PizzaTossing_g21_c03.mp4.sift_shot0_clusterBG.info.256.fisher]. Skipped !!
Dimension mismatch [0-65536-/net/per610a/export/das11f/ledduy/plsang/haipn/UCF101/descriptors/v_Lunges_g16_c03/v_Lunges_g16_c03.mp4.sift_shot0_clusterBG.info.256.fisher]. Skipped !!
Dimension mismatch [0-65536-/net/per610a/export/das11f/ledduy/plsang/haipn/UCF101/descriptors/v_FloorGymnastics_g13_c01/v_FloorGymnastics_g13_c01.mp4.sift_shot0_clusterBG.info.256.fisher]. Skipped !!
Dimension mismatch [0-65536-/net/per610a/export/das11f/ledduy/plsang/haipn/UCF101/descriptors/v_HandstandWalking_g20_c04/v_HandstandWalking_g20_c04.mp4.sift_shot0_clusterBG.info.256.fisher]. Skipped !!
Dimension mismatch [0-65536-/net/per610a/export/das11f/ledduy/plsang/haipn/UCF101/descriptors/v_HandstandWalking_g20_c03/v_HandstandWalking_g20_c03.mp4.sift_shot0_clusterBG.info.256.fisher]. Skipped !!
Dimension mismatch [0-65536-/net/per610a/export/das11f/ledduy/plsang/haipn/UCF101/descriptors/v_JavelinThrow_g25_c04/v_JavelinThrow_g25_c04.mp4.sift_shot0_clusterBG.info.256.fisher]. Skipped !!
Dimension mismatch [0-65536-/net/per610a/export/das11f/ledduy/plsang/haipn/UCF101/descriptors/v_JavelinThrow_g24_c03/v_JavelinThrow_g24_c03.mp4.sift_shot0_clusterBG.info.256.fisher]. Skipped !!
Dimension mismatch [0-65536-/net/per610a/export/das11f/ledduy/plsang/haipn/UCF101/descriptors/v_FloorGymnastics_g09_c02/v_FloorGymnastics_g09_c02.mp4.sift_shot0_clusterBG.info.256.fisher]. Skipped !!
Dimension mismatch [0-65536-/net/per610a/export/das11f/ledduy/plsang/haipn/UCF101/descriptors/v_JavelinThrow_g23_c05/v_JavelinThrow_g23_c05.mp4.sift_shot0_clusterBG.info.256.fisher]. Skipped !!
Dimension mismatch [0-65536-/net/per610a/export/das11f/ledduy/plsang/haipn/UCF101/descriptors/v_FloorGymnastics_g07_c05/v_FloorGymnastics_g07_c05.mp4.sift_shot0_clusterBG.info.256.fisher]. Skipped !!
Dimension mismatch [0-65536-/net/per610a/export/das11f/ledduy/plsang/haipn/UCF101/descriptors/v_JavelinThrow_g21_c04/v_JavelinThrow_g21_c04.mp4.sift_shot0_clusterBG.info.256.fisher]. Skipped !!
Dimension mismatch [0-65536-/net/per610a/export/das11f/ledduy/plsang/haipn/UCF101/descriptors/v_JavelinThrow_g21_c03/v_JavelinThrow_g21_c03.mp4.sift_shot0_clusterBG.info.256.fisher]. Skipped !!
Dimension mismatch [0-65536-/net/per610a/export/das11f/ledduy/plsang/haipn/UCF101/descriptors/v_JavelinThrow_g21_c02/v_JavelinThrow_g21_c02.mp4.sift_shot0_clusterBG.info.256.fisher]. Skipped !!
Dimension mismatch [0-65536-/net/per610a/export/das11f/ledduy/plsang/haipn/UCF101/descriptors/v_JavelinThrow_g21_c01/v_JavelinThrow_g21_c01.mp4.sift_shot0_clusterBG.info.256.fisher]. Skipped !!
File [/net/per610a/export/das11f/ledduy/plsang/haipn/UCF101/descriptors/v_JavelinThrow_g20_c01/v_JavelinThrow_g20_c01.mp4.sift_shot0_clusterBG.info.256.fisher] does not exist!
Dimension mismatch [0-65536-/net/per610a/export/das11f/ledduy/plsang/haipn/UCF101/descriptors/v_FloorGymnastics_g06_c01/v_FloorGymnastics_g06_c01.mp4.sift_shot0_clusterBG.info.256.fisher]. Skipped !!
Dimension mismatch [0-65536-/net/per610a/export/das11f/ledduy/plsang/haipn/UCF101/descriptors/v_CliffDiving_g07_c06/v_CliffDiving_g07_c06.mp4.sift_shot0_clusterBG.info.256.fisher]. Skipped !!
Dimension mismatch [0-65536-/net/per610a/export/das11f/ledduy/plsang/haipn/UCF101/descriptors/v_CliffDiving_g07_c04/v_CliffDiving_g07_c04.mp4.sift_shot0_clusterBG.info.256.fisher]. Skipped !!
Dimension mismatch [0-65536-/net/per610a/export/das11f/ledduy/plsang/haipn/UCF101/descriptors/v_CliffDiving_g07_c01/v_CliffDiving_g07_c01.mp4.sift_shot0_clusterBG.info.256.fisher]. Skipped !!
Dimension mismatch [0-65536-/net/per610a/export/das11f/ledduy/plsang/haipn/UCF101/descriptors/v_FloorGymnastics_g04_c01/v_FloorGymnastics_g04_c01.mp4.sift_shot0_clusterBG.info.256.fisher]. Skipped !!
Dimension mismatch [0-65536-/net/per610a/export/das11f/ledduy/plsang/haipn/UCF101/descriptors/v_JavelinThrow_g16_c04/v_JavelinThrow_g16_c04.mp4.sift_shot0_clusterBG.info.256.fisher]. Skipped !!
Dimension mismatch [0-65536-/net/per610a/export/das11f/ledduy/plsang/haipn/UCF101/descriptors/v_JavelinThrow_g15_c01/v_JavelinThrow_g15_c01.mp4.sift_shot0_clusterBG.info.256.fisher]. Skipped !!
Dimension mismatch [0-65536-/net/per610a/export/das11f/ledduy/plsang/haipn/UCF101/descriptors/v_Lunges_g05_c02/v_Lunges_g05_c02.mp4.sift_shot0_clusterBG.info.256.fisher]. Skipped !!
Dimension mismatch [0-65536-/net/per610a/export/das11f/ledduy/plsang/haipn/UCF101/descriptors/v_HandstandWalking_g08_c03/v_HandstandWalking_g08_c03.mp4.sift_shot0_clusterBG.info.256.fisher]. Skipped !!
Dimension mismatch [0-65536-/net/per610a/export/das11f/ledduy/plsang/haipn/UCF101/descriptors/v_HandstandWalking_g08_c01/v_HandstandWalking_g08_c01.mp4.sift_shot0_clusterBG.info.256.fisher]. Skipped !!
Dimension mismatch [0-65536-/net/per610a/export/das11f/ledduy/plsang/haipn/UCF101/descriptors/v_CliffDiving_g03_c02/v_CliffDiving_g03_c02.mp4.sift_shot0_clusterBG.info.256.fisher]. Skipped !!
Dimension mismatch [0-65536-/net/per610a/export/das11f/ledduy/plsang/haipn/UCF101/descriptors/v_JavelinThrow_g12_c01/v_JavelinThrow_g12_c01.mp4.sift_shot0_clusterBG.info.256.fisher]. Skipped !!
Dimension mismatch [0-65536-/net/per610a/export/das11f/ledduy/plsang/haipn/UCF101/descriptors/v_CliffDiving_g01_c03/v_CliffDiving_g01_c03.mp4.sift_shot0_clusterBG.info.256.fisher]. Skipped !!
Dimension mismatch [0-65536-/net/per610a/export/das11f/ledduy/plsang/haipn/UCF101/descriptors/v_JavelinThrow_g11_c03/v_JavelinThrow_g11_c03.mp4.sift_shot0_clusterBG.info.256.fisher]. Skipped !!
Dimension mismatch [0-65536-/net/per610a/export/das11f/ledduy/plsang/haipn/UCF101/descriptors/v_CliffDiving_g01_c01/v_CliffDiving_g01_c01.mp4.sift_shot0_clusterBG.info.256.fisher]. Skipped !!
Dimension mismatch [0-65536-/net/per610a/export/das11f/ledduy/plsang/haipn/UCF101/descriptors/v_LongJump_g25_c04/v_LongJump_g25_c04.mp4.sift_shot0_clusterBG.info.256.fisher]. Skipped !!
Dimension mismatch [0-65536-/net/per610a/export/das11f/ledduy/plsang/haipn/UCF101/descriptors/v_LongJump_g25_c02/v_LongJump_g25_c02.mp4.sift_shot0_clusterBG.info.256.fisher]. Skipped !!
File [/net/per610a/export/das11f/ledduy/plsang/haipn/UCF101/descriptors/v_LongJump_g25_c01/v_LongJump_g25_c01.mp4.sift_shot0_clusterBG.info.256.fisher] does not exist!
Dimension mismatch [0-65536-/net/per610a/export/das11f/ledduy/plsang/haipn/UCF101/descriptors/v_LongJump_g24_c04/v_LongJump_g24_c04.mp4.sift_shot0_clusterBG.info.256.fisher]. Skipped !!
Dimension mismatch [0-65536-/net/per610a/export/das11f/ledduy/plsang/haipn/UCF101/descriptors/v_HandstandWalking_g03_c02/v_HandstandWalking_g03_c02.mp4.sift_shot0_clusterBG.info.256.fisher]. Skipped !!
Dimension mismatch [0-65536-/net/per610a/export/das11f/ledduy/plsang/haipn/UCF101/descriptors/v_HandstandWalking_g03_c01/v_HandstandWalking_g03_c01.mp4.sift_shot0_clusterBG.info.256.fisher]. Skipped !!
Dimension mismatch [0-65536-/net/per610a/export/das11f/ledduy/plsang/haipn/UCF101/descriptors/v_HandstandWalking_g01_c03/v_HandstandWalking_g01_c03.mp4.sift_shot0_clusterBG.info.256.fisher]. Skipped !!
Dimension mismatch [0-65536-/net/per610a/export/das11f/ledduy/plsang/haipn/UCF101/descriptors/v_BalanceBeam_g07_c04/v_BalanceBeam_g07_c04.mp4.sift_shot0_clusterBG.info.256.fisher]. Skipped !!
Dimension mismatch [0-65536-/net/per610a/export/das11f/ledduy/plsang/haipn/UCF101/descriptors/v_JavelinThrow_g05_c06/v_JavelinThrow_g05_c06.mp4.sift_shot0_clusterBG.info.256.fisher]. Skipped !!
Dimension mismatch [0-65536-/net/per610a/export/das11f/ledduy/plsang/haipn/UCF101/descriptors/v_BalanceBeam_g07_c01/v_BalanceBeam_g07_c01.mp4.sift_shot0_clusterBG.info.256.fisher]. Skipped !!
Dimension mismatch [0-65536-/net/per610a/export/das11f/ledduy/plsang/haipn/UCF101/descriptors/v_JavelinThrow_g05_c02/v_JavelinThrow_g05_c02.mp4.sift_shot0_clusterBG.info.256.fisher]. Skipped !!
Dimension mismatch [0-65536-/net/per610a/export/das11f/ledduy/plsang/haipn/UCF101/descriptors/v_LongJump_g18_c05/v_LongJump_g18_c05.mp4.sift_shot0_clusterBG.info.256.fisher]. Skipped !!
Dimension mismatch [0-65536-/net/per610a/export/das11f/ledduy/plsang/haipn/UCF101/descriptors/v_JavelinThrow_g01_c03/v_JavelinThrow_g01_c03.mp4.sift_shot0_clusterBG.info.256.fisher]. Skipped !!
Dimension mismatch [0-65536-/net/per610a/export/das11f/ledduy/plsang/haipn/UCF101/descriptors/v_JavelinThrow_g01_c02/v_JavelinThrow_g01_c02.mp4.sift_shot0_clusterBG.info.256.fisher]. Skipped !!
Dimension mismatch [0-65536-/net/per610a/export/das11f/ledduy/plsang/haipn/UCF101/descriptors/v_BalanceBeam_g02_c03/v_BalanceBeam_g02_c03.mp4.sift_shot0_clusterBG.info.256.fisher]. Skipped !!
Dimension mismatch [0-65536-/net/per610a/export/das11f/ledduy/plsang/haipn/UCF101/descriptors/v_IceDancing_g23_c03/v_IceDancing_g23_c03.mp4.sift_shot0_clusterBG.info.256.fisher]. Skipped !!
Dimension mismatch [0-65536-/net/per610a/export/das11f/ledduy/plsang/haipn/UCF101/descriptors/v_LongJump_g12_c05/v_LongJump_g12_c05.mp4.sift_shot0_clusterBG.info.256.fisher]. Skipped !!
File [/net/per610a/export/das11f/ledduy/plsang/haipn/UCF101/descriptors/v_LongJump_g10_c06/v_LongJump_g10_c06.mp4.sift_shot0_clusterBG.info.256.fisher] does not exist!
File [/net/per610a/export/das11f/ledduy/plsang/haipn/UCF101/descriptors/v_LongJump_g10_c05/v_LongJump_g10_c05.mp4.sift_shot0_clusterBG.info.256.fisher] does not exist!
File [/net/per610a/export/das11f/ledduy/plsang/haipn/UCF101/descriptors/v_LongJump_g10_c03/v_LongJump_g10_c03.mp4.sift_shot0_clusterBG.info.256.fisher] does not exist!
Dimension mismatch [0-65536-/net/per610a/export/das11f/ledduy/plsang/haipn/UCF101/descriptors/v_LongJump_g10_c02/v_LongJump_g10_c02.mp4.sift_shot0_clusterBG.info.256.fisher]. Skipped !!
Dimension mismatch [0-65536-/net/per610a/export/das11f/ledduy/plsang/haipn/UCF101/descriptors/v_LongJump_g09_c06/v_LongJump_g09_c06.mp4.sift_shot0_clusterBG.info.256.fisher]. Skipped !!
Dimension mismatch [0-65536-/net/per610a/export/das11f/ledduy/plsang/haipn/UCF101/descriptors/v_LongJump_g09_c05/v_LongJump_g09_c05.mp4.sift_shot0_clusterBG.info.256.fisher]. Skipped !!
Dimension mismatch [0-65536-/net/per610a/export/das11f/ledduy/plsang/haipn/UCF101/descriptors/v_IceDancing_g20_c05/v_IceDancing_g20_c05.mp4.sift_shot0_clusterBG.info.256.fisher]. Skipped !!
Dimension mismatch [0-65536-/net/per610a/export/das11f/ledduy/plsang/haipn/UCF101/descriptors/v_IceDancing_g19_c07/v_IceDancing_g19_c07.mp4.sift_shot0_clusterBG.info.256.fisher]. Skipped !!
Dimension mismatch [0-65536-/net/per610a/export/das11f/ledduy/plsang/haipn/UCF101/descriptors/v_LongJump_g07_c03/v_LongJump_g07_c03.mp4.sift_shot0_clusterBG.info.256.fisher]. Skipped !!
Dimension mismatch [0-65536-/net/per610a/export/das11f/ledduy/plsang/haipn/UCF101/descriptors/v_FieldHockeyPenalty_g03_c03/v_FieldHockeyPenalty_g03_c03.mp4.sift_shot0_clusterBG.info.256.fisher]. Skipped !!
Dimension mismatch [0-65536-/net/per610a/export/das11f/ledduy/plsang/haipn/UCF101/descriptors/v_BabyCrawling_g16_c03/v_BabyCrawling_g16_c03.mp4.sift_shot0_clusterBG.info.256.fisher]. Skipped !!
File [/net/per610a/export/das11f/ledduy/plsang/haipn/UCF101/descriptors/v_HandStandPushups_g11_c03/v_HandStandPushups_g11_c03.mp4.sift_shot0_clusterBG.info.256.fisher] does not exist!
Dimension mismatch [0-65536-/net/per610a/export/das11f/ledduy/plsang/haipn/UCF101/descriptors/v_BabyCrawling_g16_c02/v_BabyCrawling_g16_c02.mp4.sift_shot0_clusterBG.info.256.fisher]. Skipped !!
Dimension mismatch [0-65536-/net/per610a/export/das11f/ledduy/plsang/haipn/UCF101/descriptors/v_BabyCrawling_g16_c01/v_BabyCrawling_g16_c01.mp4.sift_shot0_clusterBG.info.256.fisher]. Skipped !!
Dimension mismatch [0-65536-/net/per610a/export/das11f/ledduy/plsang/haipn/UCF101/descriptors/v_LongJump_g02_c05/v_LongJump_g02_c05.mp4.sift_shot0_clusterBG.info.256.fisher]. Skipped !!
Dimension mismatch [0-65536-/net/per610a/export/das11f/ledduy/plsang/haipn/UCF101/descriptors/v_LongJump_g02_c04/v_LongJump_g02_c04.mp4.sift_shot0_clusterBG.info.256.fisher]. Skipped !!
Dimension mismatch [0-65536-/net/per610a/export/das11f/ledduy/plsang/haipn/UCF101/descriptors/v_BabyCrawling_g14_c03/v_BabyCrawling_g14_c03.mp4.sift_shot0_clusterBG.info.256.fisher]. Skipped !!
Dimension mismatch [0-65536-/net/per610a/export/das11f/ledduy/plsang/haipn/UCF101/descriptors/v_LongJump_g02_c02/v_LongJump_g02_c02.mp4.sift_shot0_clusterBG.info.256.fisher]. Skipped !!
Dimension mismatch [0-65536-/net/per610a/export/das11f/ledduy/plsang/haipn/UCF101/descriptors/v_IceDancing_g13_c04/v_IceDancing_g13_c04.mp4.sift_shot0_clusterBG.info.256.fisher]. Skipped !!
Dimension mismatch [0-65536-/net/per610a/export/das11f/ledduy/plsang/haipn/UCF101/descriptors/v_LongJump_g01_c06/v_LongJump_g01_c06.mp4.sift_shot0_clusterBG.info.256.fisher]. Skipped !!
Dimension mismatch [0-65536-/net/per610a/export/das11f/ledduy/plsang/haipn/UCF101/descriptors/v_BabyCrawling_g13_c03/v_BabyCrawling_g13_c03.mp4.sift_shot0_clusterBG.info.256.fisher]. Skipped !!
Dimension mismatch [0-65536-/net/per610a/export/das11f/ledduy/plsang/haipn/UCF101/descriptors/v_Knitting_g25_c03/v_Knitting_g25_c03.mp4.sift_shot0_clusterBG.info.256.fisher]. Skipped !!
Dimension mismatch [0-65536-/net/per610a/export/das11f/ledduy/plsang/haipn/UCF101/descriptors/v_Knitting_g23_c03/v_Knitting_g23_c03.mp4.sift_shot0_clusterBG.info.256.fisher]. Skipped !!
Dimension mismatch [0-65536-/net/per610a/export/das11f/ledduy/plsang/haipn/UCF101/descriptors/v_Knitting_g22_c01/v_Knitting_g22_c01.mp4.sift_shot0_clusterBG.info.256.fisher]. Skipped !!
Dimension mismatch [0-65536-/net/per610a/export/das11f/ledduy/plsang/haipn/UCF101/descriptors/v_IceDancing_g08_c07/v_IceDancing_g08_c07.mp4.sift_shot0_clusterBG.info.256.fisher]. Skipped !!
Dimension mismatch [0-65536-/net/per610a/export/das11f/ledduy/plsang/haipn/UCF101/descriptors/v_IceDancing_g08_c05/v_IceDancing_g08_c05.mp4.sift_shot0_clusterBG.info.256.fisher]. Skipped !!
Dimension mismatch [0-65536-/net/per610a/export/das11f/ledduy/plsang/haipn/UCF101/descriptors/v_IceDancing_g08_c03/v_IceDancing_g08_c03.mp4.sift_shot0_clusterBG.info.256.fisher]. Skipped !!
Dimension mismatch [0-65536-/net/per610a/export/das11f/ledduy/plsang/haipn/UCF101/descriptors/v_Knitting_g19_c04/v_Knitting_g19_c04.mp4.sift_shot0_clusterBG.info.256.fisher]. Skipped !!
Dimension mismatch [0-65536-/net/per610a/export/das11f/ledduy/plsang/haipn/UCF101/descriptors/v_IceDancing_g04_c06/v_IceDancing_g04_c06.mp4.sift_shot0_clusterBG.info.256.fisher]. Skipped !!
Dimension mismatch [0-65536-/net/per610a/export/das11f/ledduy/plsang/haipn/UCF101/descriptors/v_IceDancing_g04_c04/v_IceDancing_g04_c04.mp4.sift_shot0_clusterBG.info.256.fisher]. Skipped !!
Dimension mismatch [0-65536-/net/per610a/export/das11f/ledduy/plsang/haipn/UCF101/descriptors/v_BabyCrawling_g02_c04/v_BabyCrawling_g02_c04.mp4.sift_shot0_clusterBG.info.256.fisher]. Skipped !!
Dimension mismatch [0-65536-/net/per610a/export/das11f/ledduy/plsang/haipn/UCF101/descriptors/v_BabyCrawling_g02_c01/v_BabyCrawling_g02_c01.mp4.sift_shot0_clusterBG.info.256.fisher]. Skipped !!
Dimension mismatch [0-65536-/net/per610a/export/das11f/ledduy/plsang/haipn/UCF101/descriptors/v_IceDancing_g01_c04/v_IceDancing_g01_c04.mp4.sift_shot0_clusterBG.info.256.fisher]. Skipped !!
Dimension mismatch [0-65536-/net/per610a/export/das11f/ledduy/plsang/haipn/UCF101/descriptors/v_Fencing_g08_c01/v_Fencing_g08_c01.mp4.sift_shot0_clusterBG.info.256.fisher]. Skipped !!
Dimension mismatch [0-65536-/net/per610a/export/das11f/ledduy/plsang/haipn/UCF101/descriptors/v_Knitting_g10_c04/v_Knitting_g10_c04.mp4.sift_shot0_clusterBG.info.256.fisher]. Skipped !!
Dimension mismatch [0-65536-/net/per610a/export/das11f/ledduy/plsang/haipn/UCF101/descriptors/v_Knitting_g10_c03/v_Knitting_g10_c03.mp4.sift_shot0_clusterBG.info.256.fisher]. Skipped !!
Dimension mismatch [0-65536-/net/per610a/export/das11f/ledduy/plsang/haipn/UCF101/descriptors/v_Knitting_g10_c02/v_Knitting_g10_c02.mp4.sift_shot0_clusterBG.info.256.fisher]. Skipped !!
Dimension mismatch [0-65536-/net/per610a/export/das11f/ledduy/plsang/haipn/UCF101/descriptors/v_Biking_g22_c02/v_Biking_g22_c02.mp4.sift_shot0_clusterBG.info.256.fisher]. Skipped !!
Dimension mismatch [0-65536-/net/per610a/export/das11f/ledduy/plsang/haipn/UCF101/descriptors/v_HulaHoop_g20_c01/v_HulaHoop_g20_c01.mp4.sift_shot0_clusterBG.info.256.fisher]. Skipped !!
Dimension mismatch [0-65536-/net/per610a/export/das11f/ledduy/plsang/haipn/UCF101/descriptors/v_Knitting_g02_c02/v_Knitting_g02_c02.mp4.sift_shot0_clusterBG.info.256.fisher]. Skipped !!
Dimension mismatch [0-65536-/net/per610a/export/das11f/ledduy/plsang/haipn/UCF101/descriptors/v_Knitting_g01_c04/v_Knitting_g01_c04.mp4.sift_shot0_clusterBG.info.256.fisher]. Skipped !!
Dimension mismatch [0-65536-/net/per610a/export/das11f/ledduy/plsang/haipn/UCF101/descriptors/v_Biking_g18_c04/v_Biking_g18_c04.mp4.sift_shot0_clusterBG.info.256.fisher]. Skipped !!
Dimension mismatch [0-65536-/net/per610a/export/das11f/ledduy/plsang/haipn/UCF101/descriptors/v_Biking_g18_c01/v_Biking_g18_c01.mp4.sift_shot0_clusterBG.info.256.fisher]. Skipped !!
Dimension mismatch [0-65536-/net/per610a/export/das11f/ledduy/plsang/haipn/UCF101/descriptors/v_Kayaking_g24_c03/v_Kayaking_g24_c03.mp4.sift_shot0_clusterBG.info.256.fisher]. Skipped !!
Dimension mismatch [0-65536-/net/per610a/export/das11f/ledduy/plsang/haipn/UCF101/descriptors/v_BreastStroke_g24_c01/v_BreastStroke_g24_c01.mp4.sift_shot0_clusterBG.info.256.fisher]. Skipped !!
Dimension mismatch [0-65536-/net/per610a/export/das11f/ledduy/plsang/haipn/UCF101/descriptors/v_Biking_g15_c04/v_Biking_g15_c04.mp4.sift_shot0_clusterBG.info.256.fisher]. Skipped !!
Dimension mismatch [0-65536-/net/per610a/export/das11f/ledduy/plsang/haipn/UCF101/descriptors/v_BreastStroke_g21_c04/v_BreastStroke_g21_c04.mp4.sift_shot0_clusterBG.info.256.fisher]. Skipped !!
Dimension mismatch [0-65536-/net/per610a/export/das11f/ledduy/plsang/haipn/UCF101/descriptors/v_BreastStroke_g21_c03/v_BreastStroke_g21_c03.mp4.sift_shot0_clusterBG.info.256.fisher]. Skipped !!
Dimension mismatch [0-65536-/net/per610a/export/das11f/ledduy/plsang/haipn/UCF101/descriptors/v_BreastStroke_g21_c02/v_BreastStroke_g21_c02.mp4.sift_shot0_clusterBG.info.256.fisher]. Skipped !!
Dimension mismatch [0-65536-/net/per610a/export/das11f/ledduy/plsang/haipn/UCF101/descriptors/v_Kayaking_g22_c03/v_Kayaking_g22_c03.mp4.sift_shot0_clusterBG.info.256.fisher]. Skipped !!
Dimension mismatch [0-65536-/net/per610a/export/das11f/ledduy/plsang/haipn/UCF101/descriptors/v_BreastStroke_g21_c01/v_BreastStroke_g21_c01.mp4.sift_shot0_clusterBG.info.256.fisher]. Skipped !!
Dimension mismatch [0-65536-/net/per610a/export/das11f/ledduy/plsang/haipn/UCF101/descriptors/v_BreastStroke_g20_c02/v_BreastStroke_g20_c02.mp4.sift_shot0_clusterBG.info.256.fisher]. Skipped !!
Dimension mismatch [0-65536-/net/per610a/export/das11f/ledduy/plsang/haipn/UCF101/descriptors/v_BreastStroke_g20_c01/v_BreastStroke_g20_c01.mp4.sift_shot0_clusterBG.info.256.fisher]. Skipped !!
Dimension mismatch [0-65536-/net/per610a/export/das11f/ledduy/plsang/haipn/UCF101/descriptors/v_BreastStroke_g19_c04/v_BreastStroke_g19_c04.mp4.sift_shot0_clusterBG.info.256.fisher]. Skipped !!
Dimension mismatch [0-65536-/net/per610a/export/das11f/ledduy/plsang/haipn/UCF101/descriptors/v_BreastStroke_g19_c02/v_BreastStroke_g19_c02.mp4.sift_shot0_clusterBG.info.256.fisher]. Skipped !!
Dimension mismatch [0-65536-/net/per610a/export/das11f/ledduy/plsang/haipn/UCF101/descriptors/v_BreastStroke_g19_c01/v_BreastStroke_g19_c01.mp4.sift_shot0_clusterBG.info.256.fisher]. Skipped !!
Dimension mismatch [0-65536-/net/per610a/export/das11f/ledduy/plsang/haipn/UCF101/descriptors/v_BreastStroke_g18_c01/v_BreastStroke_g18_c01.mp4.sift_shot0_clusterBG.info.256.fisher]. Skipped !!
Dimension mismatch [0-65536-/net/per610a/export/das11f/ledduy/plsang/haipn/UCF101/descriptors/v_BreastStroke_g17_c04/v_BreastStroke_g17_c04.mp4.sift_shot0_clusterBG.info.256.fisher]. Skipped !!
Dimension mismatch [0-65536-/net/per610a/export/das11f/ledduy/plsang/haipn/UCF101/descriptors/v_Kayaking_g20_c06/v_Kayaking_g20_c06.mp4.sift_shot0_clusterBG.info.256.fisher]. Skipped !!
Dimension mismatch [0-65536-/net/per610a/export/das11f/ledduy/plsang/haipn/UCF101/descriptors/v_BreastStroke_g17_c02/v_BreastStroke_g17_c02.mp4.sift_shot0_clusterBG.info.256.fisher]. Skipped !!
Dimension mismatch [0-65536-/net/per610a/export/das11f/ledduy/plsang/haipn/UCF101/descriptors/v_Biking_g10_c05/v_Biking_g10_c05.mp4.sift_shot0_clusterBG.info.256.fisher]. Skipped !!
Dimension mismatch [0-65536-/net/per610a/export/das11f/ledduy/plsang/haipn/UCF101/descriptors/v_Kayaking_g19_c02/v_Kayaking_g19_c02.mp4.sift_shot0_clusterBG.info.256.fisher]. Skipped !!
File [/net/per610a/export/das11f/ledduy/plsang/haipn/UCF101/descriptors/v_Kayaking_g18_c06/v_Kayaking_g18_c06.mp4.sift_shot0_clusterBG.info.256.fisher] does not exist!
File [/net/per610a/export/das11f/ledduy/plsang/haipn/UCF101/descriptors/v_BreastStroke_g14_c03/v_BreastStroke_g14_c03.mp4.sift_shot0_clusterBG.info.256.fisher] does not exist!
Dimension mismatch [0-65536-/net/per610a/export/das11f/ledduy/plsang/haipn/UCF101/descriptors/v_Kayaking_g18_c03/v_Kayaking_g18_c03.mp4.sift_shot0_clusterBG.info.256.fisher]. Skipped !!
Dimension mismatch [0-65536-/net/per610a/export/das11f/ledduy/plsang/haipn/UCF101/descriptors/v_Kayaking_g18_c02/v_Kayaking_g18_c02.mp4.sift_shot0_clusterBG.info.256.fisher]. Skipped !!
Dimension mismatch [0-65536-/net/per610a/export/das11f/ledduy/plsang/haipn/UCF101/descriptors/v_BreastStroke_g13_c04/v_BreastStroke_g13_c04.mp4.sift_shot0_clusterBG.info.256.fisher]. Skipped !!
Dimension mismatch [0-65536-/net/per610a/export/das11f/ledduy/plsang/haipn/UCF101/descriptors/v_Kayaking_g18_c01/v_Kayaking_g18_c01.mp4.sift_shot0_clusterBG.info.256.fisher]. Skipped !!
Dimension mismatch [0-65536-/net/per610a/export/das11f/ledduy/plsang/haipn/UCF101/descriptors/v_BreastStroke_g13_c03/v_BreastStroke_g13_c03.mp4.sift_shot0_clusterBG.info.256.fisher]. Skipped !!
Dimension mismatch [0-65536-/net/per610a/export/das11f/ledduy/plsang/haipn/UCF101/descriptors/v_BreastStroke_g13_c02/v_BreastStroke_g13_c02.mp4.sift_shot0_clusterBG.info.256.fisher]. Skipped !!
Dimension mismatch [0-65536-/net/per610a/export/das11f/ledduy/plsang/haipn/UCF101/descriptors/v_BreastStroke_g13_c01/v_BreastStroke_g13_c01.mp4.sift_shot0_clusterBG.info.256.fisher]. Skipped !!
File [/net/per610a/export/das11f/ledduy/plsang/haipn/UCF101/descriptors/v_Biking_g09_c01/v_Biking_g09_c01.mp4.sift_shot0_clusterBG.info.256.fisher] does not exist!
Dimension mismatch [0-65536-/net/per610a/export/das11f/ledduy/plsang/haipn/UCF101/descriptors/v_Hammering_g01_c04/v_Hammering_g01_c04.mp4.sift_shot0_clusterBG.info.256.fisher]. Skipped !!
Dimension mismatch [0-65536-/net/per610a/export/das11f/ledduy/plsang/haipn/UCF101/descriptors/v_BreastStroke_g11_c04/v_BreastStroke_g11_c04.mp4.sift_shot0_clusterBG.info.256.fisher]. Skipped !!
File [/net/per610a/export/das11f/ledduy/plsang/haipn/UCF101/descriptors/v_BreastStroke_g09_c04/v_BreastStroke_g09_c04.mp4.sift_shot0_clusterBG.info.256.fisher] does not exist!
Dimension mismatch [0-65536-/net/per610a/export/das11f/ledduy/plsang/haipn/UCF101/descriptors/v_Biking_g06_c04/v_Biking_g06_c04.mp4.sift_shot0_clusterBG.info.256.fisher]. Skipped !!
Dimension mismatch [0-65536-/net/per610a/export/das11f/ledduy/plsang/haipn/UCF101/descriptors/v_Biking_g06_c01/v_Biking_g06_c01.mp4.sift_shot0_clusterBG.info.256.fisher]. Skipped !!
Dimension mismatch [0-65536-/net/per610a/export/das11f/ledduy/plsang/haipn/UCF101/descriptors/v_Drumming_g14_c04/v_Drumming_g14_c04.mp4.sift_shot0_clusterBG.info.256.fisher]. Skipped !!
File [/net/per610a/export/das11f/ledduy/plsang/haipn/UCF101/descriptors/v_BreastStroke_g06_c04/v_BreastStroke_g06_c04.mp4.sift_shot0_clusterBG.info.256.fisher] does not exist!
File [/net/per610a/export/das11f/ledduy/plsang/haipn/UCF101/descriptors/v_BreastStroke_g06_c03/v_BreastStroke_g06_c03.mp4.sift_shot0_clusterBG.info.256.fisher] does not exist!
File [/net/per610a/export/das11f/ledduy/plsang/haipn/UCF101/descriptors/v_BreastStroke_g06_c02/v_BreastStroke_g06_c02.mp4.sift_shot0_clusterBG.info.256.fisher] does not exist!
Dimension mismatch [0-65536-/net/per610a/export/das11f/ledduy/plsang/haipn/UCF101/descriptors/v_Punch_g01_c03/v_Punch_g01_c03.mp4.sift_shot0_clusterBG.info.256.fisher]. Skipped !!
Dimension mismatch [0-65536-/net/per610a/export/das11f/ledduy/plsang/haipn/UCF101/descriptors/v_BreastStroke_g04_c02/v_BreastStroke_g04_c02.mp4.sift_shot0_clusterBG.info.256.fisher]. Skipped !!
Dimension mismatch [0-65536-/net/per610a/export/das11f/ledduy/plsang/haipn/UCF101/descriptors/v_HorseRiding_g25_c07/v_HorseRiding_g25_c07.mp4.sift_shot0_clusterBG.info.256.fisher]. Skipped !!
Dimension mismatch [0-65536-/net/per610a/export/das11f/ledduy/plsang/haipn/UCF101/descriptors/v_BreastStroke_g02_c04/v_BreastStroke_g02_c04.mp4.sift_shot0_clusterBG.info.256.fisher]. Skipped !!
Dimension mismatch [0-65536-/net/per610a/export/das11f/ledduy/plsang/haipn/UCF101/descriptors/v_BreastStroke_g02_c03/v_BreastStroke_g02_c03.mp4.sift_shot0_clusterBG.info.256.fisher]. Skipped !!
Dimension mismatch [0-65536-/net/per610a/export/das11f/ledduy/plsang/haipn/UCF101/descriptors/v_HorseRiding_g25_c03/v_HorseRiding_g25_c03.mp4.sift_shot0_clusterBG.info.256.fisher]. Skipped !!
Dimension mismatch [0-65536-/net/per610a/export/das11f/ledduy/plsang/haipn/UCF101/descriptors/v_BreastStroke_g02_c02/v_BreastStroke_g02_c02.mp4.sift_shot0_clusterBG.info.256.fisher]. Skipped !!
Dimension mismatch [0-65536-/net/per610a/export/das11f/ledduy/plsang/haipn/UCF101/descriptors/v_HorseRiding_g25_c02/v_HorseRiding_g25_c02.mp4.sift_shot0_clusterBG.info.256.fisher]. Skipped !!
Dimension mismatch [0-65536-/net/per610a/export/das11f/ledduy/plsang/haipn/UCF101/descriptors/v_BreastStroke_g02_c01/v_BreastStroke_g02_c01.mp4.sift_shot0_clusterBG.info.256.fisher]. Skipped !!
Dimension mismatch [0-65536-/net/per610a/export/das11f/ledduy/plsang/haipn/UCF101/descriptors/v_HorseRiding_g25_c01/v_HorseRiding_g25_c01.mp4.sift_shot0_clusterBG.info.256.fisher]. Skipped !!
Dimension mismatch [0-65536-/net/per610a/export/das11f/ledduy/plsang/haipn/UCF101/descriptors/v_BreastStroke_g01_c04/v_BreastStroke_g01_c04.mp4.sift_shot0_clusterBG.info.256.fisher]. Skipped !!
Dimension mismatch [0-65536-/net/per610a/export/das11f/ledduy/plsang/haipn/UCF101/descriptors/v_BreastStroke_g01_c03/v_BreastStroke_g01_c03.mp4.sift_shot0_clusterBG.info.256.fisher]. Skipped !!
Dimension mismatch [0-65536-/net/per610a/export/das11f/ledduy/plsang/haipn/UCF101/descriptors/v_BreastStroke_g01_c02/v_BreastStroke_g01_c02.mp4.sift_shot0_clusterBG.info.256.fisher]. Skipped !!
Dimension mismatch [0-65536-/net/per610a/export/das11f/ledduy/plsang/haipn/UCF101/descriptors/v_HorseRiding_g24_c01/v_HorseRiding_g24_c01.mp4.sift_shot0_clusterBG.info.256.fisher]. Skipped !!
File [/net/per610a/export/das11f/ledduy/plsang/haipn/UCF101/descriptors/v_HorseRiding_g23_c01/v_HorseRiding_g23_c01.mp4.sift_shot0_clusterBG.info.256.fisher] does not exist!
Dimension mismatch [0-65536-/net/per610a/export/das11f/ledduy/plsang/haipn/UCF101/descriptors/v_HorseRiding_g22_c03/v_HorseRiding_g22_c03.mp4.sift_shot0_clusterBG.info.256.fisher]. Skipped !!
Dimension mismatch [0-65536-/net/per610a/export/das11f/ledduy/plsang/haipn/UCF101/descriptors/v_HorseRiding_g21_c06/v_HorseRiding_g21_c06.mp4.sift_shot0_clusterBG.info.256.fisher]. Skipped !!
Dimension mismatch [0-65536-/net/per610a/export/das11f/ledduy/plsang/haipn/UCF101/descriptors/v_HorseRiding_g21_c02/v_HorseRiding_g21_c02.mp4.sift_shot0_clusterBG.info.256.fisher]. Skipped !!
Dimension mismatch [0-65536-/net/per610a/export/das11f/ledduy/plsang/haipn/UCF101/descriptors/v_HorseRiding_g19_c04/v_HorseRiding_g19_c04.mp4.sift_shot0_clusterBG.info.256.fisher]. Skipped !!
Dimension mismatch [0-65536-/net/per610a/export/das11f/ledduy/plsang/haipn/UCF101/descriptors/v_HorseRiding_g19_c03/v_HorseRiding_g19_c03.mp4.sift_shot0_clusterBG.info.256.fisher]. Skipped !!
Dimension mismatch [0-65536-/net/per610a/export/das11f/ledduy/plsang/haipn/UCF101/descriptors/v_HorseRiding_g17_c06/v_HorseRiding_g17_c06.mp4.sift_shot0_clusterBG.info.256.fisher]. Skipped !!
Dimension mismatch [0-65536-/net/per610a/export/das11f/ledduy/plsang/haipn/UCF101/descriptors/v_HorseRiding_g16_c04/v_HorseRiding_g16_c04.mp4.sift_shot0_clusterBG.info.256.fisher]. Skipped !!
Dimension mismatch [0-65536-/net/per610a/export/das11f/ledduy/plsang/haipn/UCF101/descriptors/v_HorseRiding_g16_c02/v_HorseRiding_g16_c02.mp4.sift_shot0_clusterBG.info.256.fisher]. Skipped !!
Dimension mismatch [0-65536-/net/per610a/export/das11f/ledduy/plsang/haipn/UCF101/descriptors/v_HorseRiding_g16_c01/v_HorseRiding_g16_c01.mp4.sift_shot0_clusterBG.info.256.fisher]. Skipped !!
Dimension mismatch [0-65536-/net/per610a/export/das11f/ledduy/plsang/haipn/UCF101/descriptors/v_BoxingSpeedBag_g15_c07/v_BoxingSpeedBag_g15_c07.mp4.sift_shot0_clusterBG.info.256.fisher]. Skipped !!
Dimension mismatch [0-65536-/net/per610a/export/das11f/ledduy/plsang/haipn/UCF101/descriptors/v_BoxingSpeedBag_g15_c01/v_BoxingSpeedBag_g15_c01.mp4.sift_shot0_clusterBG.info.256.fisher]. Skipped !!
File [/net/per610a/export/das11f/ledduy/plsang/haipn/UCF101/descriptors/v_HorseRiding_g14_c04/v_HorseRiding_g14_c04.mp4.sift_shot0_clusterBG.info.256.fisher] does not exist!
File [/net/per610a/export/das11f/ledduy/plsang/haipn/UCF101/descriptors/v_HorseRiding_g14_c02/v_HorseRiding_g14_c02.mp4.sift_shot0_clusterBG.info.256.fisher] does not exist!
Dimension mismatch [0-65536-/net/per610a/export/das11f/ledduy/plsang/haipn/UCF101/descriptors/v_HorseRiding_g12_c07/v_HorseRiding_g12_c07.mp4.sift_shot0_clusterBG.info.256.fisher]. Skipped !!
File [/net/per610a/export/das11f/ledduy/plsang/haipn/UCF101/descriptors/v_HorseRiding_g12_c05/v_HorseRiding_g12_c05.mp4.sift_shot0_clusterBG.info.256.fisher] does not exist!
Dimension mismatch [0-65536-/net/per610a/export/das11f/ledduy/plsang/haipn/UCF101/descriptors/v_Diving_g23_c02/v_Diving_g23_c02.mp4.sift_shot0_clusterBG.info.256.fisher]. Skipped !!
Dimension mismatch [0-65536-/net/per610a/export/das11f/ledduy/plsang/haipn/UCF101/descriptors/v_PlayingSitar_g01_c02/v_PlayingSitar_g01_c02.mp4.sift_shot0_clusterBG.info.256.fisher]. Skipped !!
Dimension mismatch [0-65536-/net/per610a/export/das11f/ledduy/plsang/haipn/UCF101/descriptors/v_BoxingPunchingBag_g22_c02/v_BoxingPunchingBag_g22_c02.mp4.sift_shot0_clusterBG.info.256.fisher]. Skipped !!
Dimension mismatch [0-65536-/net/per610a/export/das11f/ledduy/plsang/haipn/UCF101/descriptors/v_BoxingPunchingBag_g21_c07/v_BoxingPunchingBag_g21_c07.mp4.sift_shot0_clusterBG.info.256.fisher]. Skipped !!
Dimension mismatch [0-65536-/net/per610a/export/das11f/ledduy/plsang/haipn/UCF101/descriptors/v_PoleVault_g24_c07/v_PoleVault_g24_c07.mp4.sift_shot0_clusterBG.info.256.fisher]. Skipped !!
Dimension mismatch [0-65536-/net/per610a/export/das11f/ledduy/plsang/haipn/UCF101/descriptors/v_PoleVault_g24_c03/v_PoleVault_g24_c03.mp4.sift_shot0_clusterBG.info.256.fisher]. Skipped !!
Dimension mismatch [0-65536-/net/per610a/export/das11f/ledduy/plsang/haipn/UCF101/descriptors/v_PoleVault_g24_c02/v_PoleVault_g24_c02.mp4.sift_shot0_clusterBG.info.256.fisher]. Skipped !!
Dimension mismatch [0-65536-/net/per610a/export/das11f/ledduy/plsang/haipn/UCF101/descriptors/v_Rafting_g22_c02/v_Rafting_g22_c02.mp4.sift_shot0_clusterBG.info.256.fisher]. Skipped !!
Dimension mismatch [0-65536-/net/per610a/export/das11f/ledduy/plsang/haipn/UCF101/descriptors/v_PoleVault_g20_c06/v_PoleVault_g20_c06.mp4.sift_shot0_clusterBG.info.256.fisher]. Skipped !!
Dimension mismatch [0-65536-/net/per610a/export/das11f/ledduy/plsang/haipn/UCF101/descriptors/v_PoleVault_g20_c02/v_PoleVault_g20_c02.mp4.sift_shot0_clusterBG.info.256.fisher]. Skipped !!
Dimension mismatch [0-65536-/net/per610a/export/das11f/ledduy/plsang/haipn/UCF101/descriptors/v_Rafting_g20_c03/v_Rafting_g20_c03.mp4.sift_shot0_clusterBG.info.256.fisher]. Skipped !!
Dimension mismatch [0-65536-/net/per610a/export/das11f/ledduy/plsang/haipn/UCF101/descriptors/v_Rafting_g18_c03/v_Rafting_g18_c03.mp4.sift_shot0_clusterBG.info.256.fisher]. Skipped !!
Dimension mismatch [0-65536-/net/per610a/export/das11f/ledduy/plsang/haipn/UCF101/descriptors/v_PoleVault_g18_c02/v_PoleVault_g18_c02.mp4.sift_shot0_clusterBG.info.256.fisher]. Skipped !!
Dimension mismatch [0-65536-/net/per610a/export/das11f/ledduy/plsang/haipn/UCF101/descriptors/v_PoleVault_g18_c01/v_PoleVault_g18_c01.mp4.sift_shot0_clusterBG.info.256.fisher]. Skipped !!
Dimension mismatch [0-65536-/net/per610a/export/das11f/ledduy/plsang/haipn/UCF101/descriptors/v_PoleVault_g17_c07/v_PoleVault_g17_c07.mp4.sift_shot0_clusterBG.info.256.fisher]. Skipped !!
Dimension mismatch [0-65536-/net/per610a/export/das11f/ledduy/plsang/haipn/UCF101/descriptors/v_PoleVault_g17_c06/v_PoleVault_g17_c06.mp4.sift_shot0_clusterBG.info.256.fisher]. Skipped !!
Dimension mismatch [0-65536-/net/per610a/export/das11f/ledduy/plsang/haipn/UCF101/descriptors/v_PoleVault_g17_c03/v_PoleVault_g17_c03.mp4.sift_shot0_clusterBG.info.256.fisher]. Skipped !!
Dimension mismatch [0-65536-/net/per610a/export/das11f/ledduy/plsang/haipn/UCF101/descriptors/v_PoleVault_g17_c02/v_PoleVault_g17_c02.mp4.sift_shot0_clusterBG.info.256.fisher]. Skipped !!
Dimension mismatch [0-65536-/net/per610a/export/das11f/ledduy/plsang/haipn/UCF101/descriptors/v_PoleVault_g17_c01/v_PoleVault_g17_c01.mp4.sift_shot0_clusterBG.info.256.fisher]. Skipped !!
File [/net/per610a/export/das11f/ledduy/plsang/haipn/UCF101/descriptors/v_Rafting_g16_c07/v_Rafting_g16_c07.mp4.sift_shot0_clusterBG.info.256.fisher] does not exist!
Dimension mismatch [0-65536-/net/per610a/export/das11f/ledduy/plsang/haipn/UCF101/descriptors/v_PoleVault_g16_c02/v_PoleVault_g16_c02.mp4.sift_shot0_clusterBG.info.256.fisher]. Skipped !!
File [/net/per610a/export/das11f/ledduy/plsang/haipn/UCF101/descriptors/v_Rafting_g16_c04/v_Rafting_g16_c04.mp4.sift_shot0_clusterBG.info.256.fisher] does not exist!
File [/net/per610a/export/das11f/ledduy/plsang/haipn/UCF101/descriptors/v_Rafting_g16_c02/v_Rafting_g16_c02.mp4.sift_shot0_clusterBG.info.256.fisher] does not exist!
File [/net/per610a/export/das11f/ledduy/plsang/haipn/UCF101/descriptors/v_Rafting_g14_c04/v_Rafting_g14_c04.mp4.sift_shot0_clusterBG.info.256.fisher] does not exist!
Dimension mismatch [0-65536-/net/per610a/export/das11f/ledduy/plsang/haipn/UCF101/descriptors/v_PoleVault_g14_c03/v_PoleVault_g14_c03.mp4.sift_shot0_clusterBG.info.256.fisher]. Skipped !!
Dimension mismatch [0-65536-/net/per610a/export/das11f/ledduy/plsang/haipn/UCF101/descriptors/v_PoleVault_g14_c01/v_PoleVault_g14_c01.mp4.sift_shot0_clusterBG.info.256.fisher]. Skipped !!
Dimension mismatch [0-65536-/net/per610a/export/das11f/ledduy/plsang/haipn/UCF101/descriptors/v_SkyDiving_g18_c03/v_SkyDiving_g18_c03.mp4.sift_shot0_clusterBG.info.256.fisher]. Skipped !!
Dimension mismatch [0-65536-/net/per610a/export/das11f/ledduy/plsang/haipn/UCF101/descriptors/v_PoleVault_g12_c07/v_PoleVault_g12_c07.mp4.sift_shot0_clusterBG.info.256.fisher]. Skipped !!
Dimension mismatch [0-65536-/net/per610a/export/das11f/ledduy/plsang/haipn/UCF101/descriptors/v_PoleVault_g12_c01/v_PoleVault_g12_c01.mp4.sift_shot0_clusterBG.info.256.fisher]. Skipped !!
Dimension mismatch [0-65536-/net/per610a/export/das11f/ledduy/plsang/haipn/UCF101/descriptors/v_PoleVault_g11_c05/v_PoleVault_g11_c05.mp4.sift_shot0_clusterBG.info.256.fisher]. Skipped !!
Dimension mismatch [0-65536-/net/per610a/export/das11f/ledduy/plsang/haipn/UCF101/descriptors/v_SkyDiving_g15_c05/v_SkyDiving_g15_c05.mp4.sift_shot0_clusterBG.info.256.fisher]. Skipped !!
Dimension mismatch [0-65536-/net/per610a/export/das11f/ledduy/plsang/haipn/UCF101/descriptors/v_SkateBoarding_g17_c04/v_SkateBoarding_g17_c04.mp4.sift_shot0_clusterBG.info.256.fisher]. Skipped !!
Dimension mismatch [0-65536-/net/per610a/export/das11f/ledduy/plsang/haipn/UCF101/descriptors/v_Surfing_g03_c01/v_Surfing_g03_c01.mp4.sift_shot0_clusterBG.info.256.fisher]. Skipped !!
Dimension mismatch [0-65536-/net/per610a/export/das11f/ledduy/plsang/haipn/UCF101/descriptors/v_SkyDiving_g14_c02/v_SkyDiving_g14_c02.mp4.sift_shot0_clusterBG.info.256.fisher]. Skipped !!
Dimension mismatch [0-65536-/net/per610a/export/das11f/ledduy/plsang/haipn/UCF101/descriptors/v_SkyDiving_g14_c01/v_SkyDiving_g14_c01.mp4.sift_shot0_clusterBG.info.256.fisher]. Skipped !!
Dimension mismatch [0-65536-/net/per610a/export/das11f/ledduy/plsang/haipn/UCF101/descriptors/v_Rafting_g09_c02/v_Rafting_g09_c02.mp4.sift_shot0_clusterBG.info.256.fisher]. Skipped !!
Dimension mismatch [0-65536-/net/per610a/export/das11f/ledduy/plsang/haipn/UCF101/descriptors/v_Rafting_g08_c06/v_Rafting_g08_c06.mp4.sift_shot0_clusterBG.info.256.fisher]. Skipped !!
Dimension mismatch [0-65536-/net/per610a/export/das11f/ledduy/plsang/haipn/UCF101/descriptors/v_PoleVault_g09_c03/v_PoleVault_g09_c03.mp4.sift_shot0_clusterBG.info.256.fisher]. Skipped !!
Dimension mismatch [0-65536-/net/per610a/export/das11f/ledduy/plsang/haipn/UCF101/descriptors/v_Surfing_g02_c02/v_Surfing_g02_c02.mp4.sift_shot0_clusterBG.info.256.fisher]. Skipped !!
Dimension mismatch [0-65536-/net/per610a/export/das11f/ledduy/plsang/haipn/UCF101/descriptors/v_PoleVault_g08_c02/v_PoleVault_g08_c02.mp4.sift_shot0_clusterBG.info.256.fisher]. Skipped !!
Dimension mismatch [0-65536-/net/per610a/export/das11f/ledduy/plsang/haipn/UCF101/descriptors/v_Surfing_g01_c04/v_Surfing_g01_c04.mp4.sift_shot0_clusterBG.info.256.fisher]. Skipped !!
Dimension mismatch [0-65536-/net/per610a/export/das11f/ledduy/plsang/haipn/UCF101/descriptors/v_Surfing_g01_c03/v_Surfing_g01_c03.mp4.sift_shot0_clusterBG.info.256.fisher]. Skipped !!
Dimension mismatch [0-65536-/net/per610a/export/das11f/ledduy/plsang/haipn/UCF101/descriptors/v_SkateBoarding_g14_c04/v_SkateBoarding_g14_c04.mp4.sift_shot0_clusterBG.info.256.fisher]. Skipped !!
File [/net/per610a/export/das11f/ledduy/plsang/haipn/UCF101/descriptors/v_Rafting_g06_c04/v_Rafting_g06_c04.mp4.sift_shot0_clusterBG.info.256.fisher] does not exist!
Dimension mismatch [0-65536-/net/per610a/export/das11f/ledduy/plsang/haipn/UCF101/descriptors/v_Rafting_g06_c03/v_Rafting_g06_c03.mp4.sift_shot0_clusterBG.info.256.fisher]. Skipped !!
Dimension mismatch [0-65536-/net/per610a/export/das11f/ledduy/plsang/haipn/UCF101/descriptors/v_SkateBoarding_g13_c02/v_SkateBoarding_g13_c02.mp4.sift_shot0_clusterBG.info.256.fisher]. Skipped !!
Dimension mismatch [0-65536-/net/per610a/export/das11f/ledduy/plsang/haipn/UCF101/descriptors/v_SkateBoarding_g12_c06/v_SkateBoarding_g12_c06.mp4.sift_shot0_clusterBG.info.256.fisher]. Skipped !!
Dimension mismatch [0-65536-/net/per610a/export/das11f/ledduy/plsang/haipn/UCF101/descriptors/v_PoleVault_g05_c05/v_PoleVault_g05_c05.mp4.sift_shot0_clusterBG.info.256.fisher]. Skipped !!
Dimension mismatch [0-65536-/net/per610a/export/das11f/ledduy/plsang/haipn/UCF101/descriptors/v_PoleVault_g05_c03/v_PoleVault_g05_c03.mp4.sift_shot0_clusterBG.info.256.fisher]. Skipped !!
Dimension mismatch [0-65536-/net/per610a/export/das11f/ledduy/plsang/haipn/UCF101/descriptors/v_PoleVault_g05_c01/v_PoleVault_g05_c01.mp4.sift_shot0_clusterBG.info.256.fisher]. Skipped !!
Dimension mismatch [0-65536-/net/per610a/export/das11f/ledduy/plsang/haipn/UCF101/descriptors/v_Rafting_g03_c01/v_Rafting_g03_c01.mp4.sift_shot0_clusterBG.info.256.fisher]. Skipped !!
Dimension mismatch [0-65536-/net/per610a/export/das11f/ledduy/plsang/haipn/UCF101/descriptors/v_PoleVault_g03_c02/v_PoleVault_g03_c02.mp4.sift_shot0_clusterBG.info.256.fisher]. Skipped !!
Dimension mismatch [0-65536-/net/per610a/export/das11f/ledduy/plsang/haipn/UCF101/descriptors/v_SkyDiving_g05_c03/v_SkyDiving_g05_c03.mp4.sift_shot0_clusterBG.info.256.fisher]. Skipped !!
Dimension mismatch [0-65536-/net/per610a/export/das11f/ledduy/plsang/haipn/UCF101/descriptors/v_SkyDiving_g04_c02/v_SkyDiving_g04_c02.mp4.sift_shot0_clusterBG.info.256.fisher]. Skipped !!
Dimension mismatch [0-65536-/net/per610a/export/das11f/ledduy/plsang/haipn/UCF101/descriptors/v_SkyDiving_g04_c01/v_SkyDiving_g04_c01.mp4.sift_shot0_clusterBG.info.256.fisher]. Skipped !!
Dimension mismatch [0-65536-/net/per610a/export/das11f/ledduy/plsang/haipn/UCF101/descriptors/v_SkyDiving_g02_c04/v_SkyDiving_g02_c04.mp4.sift_shot0_clusterBG.info.256.fisher]. Skipped !!
Dimension mismatch [0-65536-/net/per610a/export/das11f/ledduy/plsang/haipn/UCF101/descriptors/v_SkyDiving_g02_c02/v_SkyDiving_g02_c02.mp4.sift_shot0_clusterBG.info.256.fisher]. Skipped !!
File [/net/per610a/export/das11f/ledduy/plsang/haipn/UCF101/descriptors/v_SkyDiving_g02_c01/v_SkyDiving_g02_c01.mp4.sift_shot0_clusterBG.info.256.fisher] does not exist!
Dimension mismatch [0-65536-/net/per610a/export/das11f/ledduy/plsang/haipn/UCF101/descriptors/v_SkateBoarding_g05_c02/v_SkateBoarding_g05_c02.mp4.sift_shot0_clusterBG.info.256.fisher]. Skipped !!
Dimension mismatch [0-65536-/net/per610a/export/das11f/ledduy/plsang/haipn/UCF101/descriptors/v_Skijet_g25_c03/v_Skijet_g25_c03.mp4.sift_shot0_clusterBG.info.256.fisher]. Skipped !!
Dimension mismatch [0-65536-/net/per610a/export/das11f/ledduy/plsang/haipn/UCF101/descriptors/v_Skijet_g25_c01/v_Skijet_g25_c01.mp4.sift_shot0_clusterBG.info.256.fisher]. Skipped !!
Dimension mismatch [0-65536-/net/per610a/export/das11f/ledduy/plsang/haipn/UCF101/descriptors/v_Skijet_g23_c04/v_Skijet_g23_c04.mp4.sift_shot0_clusterBG.info.256.fisher]. Skipped !!
Dimension mismatch [0-65536-/net/per610a/export/das11f/ledduy/plsang/haipn/UCF101/descriptors/v_SkateBoarding_g02_c05/v_SkateBoarding_g02_c05.mp4.sift_shot0_clusterBG.info.256.fisher]. Skipped !!
Dimension mismatch [0-65536-/net/per610a/export/das11f/ledduy/plsang/haipn/UCF101/descriptors/v_Skijet_g22_c01/v_Skijet_g22_c01.mp4.sift_shot0_clusterBG.info.256.fisher]. Skipped !!
Dimension mismatch [0-65536-/net/per610a/export/das11f/ledduy/plsang/haipn/UCF101/descriptors/v_PlayingGuitar_g01_c02/v_PlayingGuitar_g01_c02.mp4.sift_shot0_clusterBG.info.256.fisher]. Skipped !!
File [/net/per610a/export/das11f/ledduy/plsang/haipn/UCF101/descriptors/v_Skijet_g19_c03/v_Skijet_g19_c03.mp4.sift_shot0_clusterBG.info.256.fisher] does not exist!
Dimension mismatch [0-65536-/net/per610a/export/das11f/ledduy/plsang/haipn/UCF101/descriptors/v_Skijet_g19_c02/v_Skijet_g19_c02.mp4.sift_shot0_clusterBG.info.256.fisher]. Skipped !!
Dimension mismatch [0-65536-/net/per610a/export/das11f/ledduy/plsang/haipn/UCF101/descriptors/v_Skijet_g18_c02/v_Skijet_g18_c02.mp4.sift_shot0_clusterBG.info.256.fisher]. Skipped !!
Dimension mismatch [0-65536-/net/per610a/export/das11f/ledduy/plsang/haipn/UCF101/descriptors/v_Skijet_g17_c04/v_Skijet_g17_c04.mp4.sift_shot0_clusterBG.info.256.fisher]. Skipped !!
Dimension mismatch [0-65536-/net/per610a/export/das11f/ledduy/plsang/haipn/UCF101/descriptors/v_Skijet_g17_c01/v_Skijet_g17_c01.mp4.sift_shot0_clusterBG.info.256.fisher]. Skipped !!
Dimension mismatch [0-65536-/net/per610a/export/das11f/ledduy/plsang/haipn/UCF101/descriptors/v_Skijet_g15_c03/v_Skijet_g15_c03.mp4.sift_shot0_clusterBG.info.256.fisher]. Skipped !!
Dimension mismatch [0-65536-/net/per610a/export/das11f/ledduy/plsang/haipn/UCF101/descriptors/v_Skijet_g13_c03/v_Skijet_g13_c03.mp4.sift_shot0_clusterBG.info.256.fisher]. Skipped !!
Dimension mismatch [0-65536-/net/per610a/export/das11f/ledduy/plsang/haipn/UCF101/descriptors/v_Skijet_g13_c01/v_Skijet_g13_c01.mp4.sift_shot0_clusterBG.info.256.fisher]. Skipped !!
Dimension mismatch [0-65536-/net/per610a/export/das11f/ledduy/plsang/haipn/UCF101/descriptors/v_Skijet_g11_c04/v_Skijet_g11_c04.mp4.sift_shot0_clusterBG.info.256.fisher]. Skipped !!
Dimension mismatch [0-65536-/net/per610a/export/das11f/ledduy/plsang/haipn/UCF101/descriptors/v_Skijet_g10_c03/v_Skijet_g10_c03.mp4.sift_shot0_clusterBG.info.256.fisher]. Skipped !!
Dimension mismatch [0-65536-/net/per610a/export/das11f/ledduy/plsang/haipn/UCF101/descriptors/v_Skijet_g09_c02/v_Skijet_g09_c02.mp4.sift_shot0_clusterBG.info.256.fisher]. Skipped !!
Dimension mismatch [0-65536-/net/per610a/export/das11f/ledduy/plsang/haipn/UCF101/descriptors/v_Skijet_g08_c04/v_Skijet_g08_c04.mp4.sift_shot0_clusterBG.info.256.fisher]. Skipped !!
Dimension mismatch [0-65536-/net/per610a/export/das11f/ledduy/plsang/haipn/UCF101/descriptors/v_Skijet_g06_c04/v_Skijet_g06_c04.mp4.sift_shot0_clusterBG.info.256.fisher]. Skipped !!
Dimension mismatch [0-65536-/net/per610a/export/das11f/ledduy/plsang/haipn/UCF101/descriptors/v_Skijet_g06_c02/v_Skijet_g06_c02.mp4.sift_shot0_clusterBG.info.256.fisher]. Skipped !!
Dimension mismatch [0-65536-/net/per610a/export/das11f/ledduy/plsang/haipn/UCF101/descriptors/v_Skijet_g06_c01/v_Skijet_g06_c01.mp4.sift_shot0_clusterBG.info.256.fisher]. Skipped !!
Dimension mismatch [0-65536-/net/per610a/export/das11f/ledduy/plsang/haipn/UCF101/descriptors/v_PlayingViolin_g07_c03/v_PlayingViolin_g07_c03.mp4.sift_shot0_clusterBG.info.256.fisher]. Skipped !!
Dimension mismatch [0-65536-/net/per610a/export/das11f/ledduy/plsang/haipn/UCF101/descriptors/v_Skijet_g04_c02/v_Skijet_g04_c02.mp4.sift_shot0_clusterBG.info.256.fisher]. Skipped !!
Dimension mismatch [0-65536-/net/per610a/export/das11f/ledduy/plsang/haipn/UCF101/descriptors/v_SoccerJuggling_g23_c05/v_SoccerJuggling_g23_c05.mp4.sift_shot0_clusterBG.info.256.fisher]. Skipped !!
Dimension mismatch [0-65536-/net/per610a/export/das11f/ledduy/plsang/haipn/UCF101/descriptors/v_Skiing_g25_c05/v_Skiing_g25_c05.mp4.sift_shot0_clusterBG.info.256.fisher]. Skipped !!
Dimension mismatch [0-65536-/net/per610a/export/das11f/ledduy/plsang/haipn/UCF101/descriptors/v_Skiing_g25_c03/v_Skiing_g25_c03.mp4.sift_shot0_clusterBG.info.256.fisher]. Skipped !!
Dimension mismatch [0-65536-/net/per610a/export/das11f/ledduy/plsang/haipn/UCF101/descriptors/v_Skiing_g25_c02/v_Skiing_g25_c02.mp4.sift_shot0_clusterBG.info.256.fisher]. Skipped !!
Dimension mismatch [0-65536-/net/per610a/export/das11f/ledduy/plsang/haipn/UCF101/descriptors/v_Skiing_g23_c03/v_Skiing_g23_c03.mp4.sift_shot0_clusterBG.info.256.fisher]. Skipped !!
Dimension mismatch [0-65536-/net/per610a/export/das11f/ledduy/plsang/haipn/UCF101/descriptors/v_Rowing_g22_c03/v_Rowing_g22_c03.mp4.sift_shot0_clusterBG.info.256.fisher]. Skipped !!
Dimension mismatch [0-65536-/net/per610a/export/das11f/ledduy/plsang/haipn/UCF101/descriptors/v_Skiing_g22_c05/v_Skiing_g22_c05.mp4.sift_shot0_clusterBG.info.256.fisher]. Skipped !!
Dimension mismatch [0-65536-/net/per610a/export/das11f/ledduy/plsang/haipn/UCF101/descriptors/v_StillRings_g17_c02/v_StillRings_g17_c02.mp4.sift_shot0_clusterBG.info.256.fisher]. Skipped !!
Dimension mismatch [0-65536-/net/per610a/export/das11f/ledduy/plsang/haipn/UCF101/descriptors/v_Skiing_g17_c02/v_Skiing_g17_c02.mp4.sift_shot0_clusterBG.info.256.fisher]. Skipped !!
Dimension mismatch [0-65536-/net/per610a/export/das11f/ledduy/plsang/haipn/UCF101/descriptors/v_Rowing_g13_c06/v_Rowing_g13_c06.mp4.sift_shot0_clusterBG.info.256.fisher]. Skipped !!
Dimension mismatch [0-65536-/net/per610a/export/das11f/ledduy/plsang/haipn/UCF101/descriptors/v_Rowing_g13_c05/v_Rowing_g13_c05.mp4.sift_shot0_clusterBG.info.256.fisher]. Skipped !!
Dimension mismatch [0-65536-/net/per610a/export/das11f/ledduy/plsang/haipn/UCF101/descriptors/v_Rowing_g13_c04/v_Rowing_g13_c04.mp4.sift_shot0_clusterBG.info.256.fisher]. Skipped !!
Dimension mismatch [0-65536-/net/per610a/export/das11f/ledduy/plsang/haipn/UCF101/descriptors/v_Punch_g16_c01/v_Punch_g16_c01.mp4.sift_shot0_clusterBG.info.256.fisher]. Skipped !!
Dimension mismatch [0-65536-/net/per610a/export/das11f/ledduy/plsang/haipn/UCF101/descriptors/v_PlayingFlute_g03_c03/v_PlayingFlute_g03_c03.mp4.sift_shot0_clusterBG.info.256.fisher]. Skipped !!
Dimension mismatch [0-65536-/net/per610a/export/das11f/ledduy/plsang/haipn/UCF101/descriptors/v_Skiing_g08_c07/v_Skiing_g08_c07.mp4.sift_shot0_clusterBG.info.256.fisher]. Skipped !!
Dimension mismatch [0-65536-/net/per610a/export/das11f/ledduy/plsang/haipn/UCF101/descriptors/v_SoccerJuggling_g08_c04/v_SoccerJuggling_g08_c04.mp4.sift_shot0_clusterBG.info.256.fisher]. Skipped !!
Dimension mismatch [0-65536-/net/per610a/export/das11f/ledduy/plsang/haipn/UCF101/descriptors/v_Skiing_g08_c01/v_Skiing_g08_c01.mp4.sift_shot0_clusterBG.info.256.fisher]. Skipped !!
File [/net/per610a/export/das11f/ledduy/plsang/haipn/UCF101/descriptors/v_Skiing_g07_c03/v_Skiing_g07_c03.mp4.sift_shot0_clusterBG.info.256.fisher] does not exist!
Dimension mismatch [0-65536-/net/per610a/export/das11f/ledduy/plsang/haipn/UCF101/descriptors/v_Rowing_g08_c02/v_Rowing_g08_c02.mp4.sift_shot0_clusterBG.info.256.fisher]. Skipped !!
File [/net/per610a/export/das11f/ledduy/plsang/haipn/UCF101/descriptors/v_Swing_g20_c06/v_Swing_g20_c06.mp4.sift_shot0_clusterBG.info.256.fisher] does not exist!
File [/net/per610a/export/das11f/ledduy/plsang/haipn/UCF101/descriptors/v_Swing_g20_c02/v_Swing_g20_c02.mp4.sift_shot0_clusterBG.info.256.fisher] does not exist!
Dimension mismatch [0-65536-/net/per610a/export/das11f/ledduy/plsang/haipn/UCF101/descriptors/v_SkyDiving_g24_c04/v_SkyDiving_g24_c04.mp4.sift_shot0_clusterBG.info.256.fisher]. Skipped !!
Dimension mismatch [0-65536-/net/per610a/export/das11f/ledduy/plsang/haipn/UCF101/descriptors/v_SkyDiving_g24_c01/v_SkyDiving_g24_c01.mp4.sift_shot0_clusterBG.info.256.fisher]. Skipped !!
Dimension mismatch [0-65536-/net/per610a/export/das11f/ledduy/plsang/haipn/UCF101/descriptors/v_Swing_g14_c03/v_Swing_g14_c03.mp4.sift_shot0_clusterBG.info.256.fisher]. Skipped !!
Dimension mismatch [0-65536-/net/per610a/export/das11f/ledduy/plsang/haipn/UCF101/descriptors/v_Swing_g14_c01/v_Swing_g14_c01.mp4.sift_shot0_clusterBG.info.256.fisher]. Skipped !!
Dimension mismatch [0-65536-/net/per610a/export/das11f/ledduy/plsang/haipn/UCF101/descriptors/v_Swing_g13_c01/v_Swing_g13_c01.mp4.sift_shot0_clusterBG.info.256.fisher]. Skipped !!
Dimension mismatch [0-65536-/net/per610a/export/das11f/ledduy/plsang/haipn/UCF101/descriptors/v_Swing_g11_c06/v_Swing_g11_c06.mp4.sift_shot0_clusterBG.info.256.fisher]. Skipped !!
Dimension mismatch [0-65536-/net/per610a/export/das11f/ledduy/plsang/haipn/UCF101/descriptors/v_TennisSwing_g14_c01/v_TennisSwing_g14_c01.mp4.sift_shot0_clusterBG.info.256.fisher]. Skipped !!
Dimension mismatch [0-65536-/net/per610a/export/das11f/ledduy/plsang/haipn/UCF101/descriptors/v_UnevenBars_g12_c04/v_UnevenBars_g12_c04.mp4.sift_shot0_clusterBG.info.256.fisher]. Skipped !!
Dimension mismatch [0-65536-/net/per610a/export/das11f/ledduy/plsang/haipn/UCF101/descriptors/v_Swing_g06_c06/v_Swing_g06_c06.mp4.sift_shot0_clusterBG.info.256.fisher]. Skipped !!
Dimension mismatch [0-65536-/net/per610a/export/das11f/ledduy/plsang/haipn/UCF101/descriptors/v_Surfing_g22_c03/v_Surfing_g22_c03.mp4.sift_shot0_clusterBG.info.256.fisher]. Skipped !!
Dimension mismatch [0-65536-/net/per610a/export/das11f/ledduy/plsang/haipn/UCF101/descriptors/v_RopeClimbing_g02_c06/v_RopeClimbing_g02_c06.mp4.sift_shot0_clusterBG.info.256.fisher]. Skipped !!
Dimension mismatch [0-65536-/net/per610a/export/das11f/ledduy/plsang/haipn/UCF101/descriptors/v_RopeClimbing_g02_c04/v_RopeClimbing_g02_c04.mp4.sift_shot0_clusterBG.info.256.fisher]. Skipped !!
Dimension mismatch [0-65536-/net/per610a/export/das11f/ledduy/plsang/haipn/UCF101/descriptors/v_Surfing_g20_c05/v_Surfing_g20_c05.mp4.sift_shot0_clusterBG.info.256.fisher]. Skipped !!
Dimension mismatch [0-65536-/net/per610a/export/das11f/ledduy/plsang/haipn/UCF101/descriptors/v_RopeClimbing_g02_c02/v_RopeClimbing_g02_c02.mp4.sift_shot0_clusterBG.info.256.fisher]. Skipped !!
Dimension mismatch [0-65536-/net/per610a/export/das11f/ledduy/plsang/haipn/UCF101/descriptors/v_Surfing_g20_c03/v_Surfing_g20_c03.mp4.sift_shot0_clusterBG.info.256.fisher]. Skipped !!
Dimension mismatch [0-65536-/net/per610a/export/das11f/ledduy/plsang/haipn/UCF101/descriptors/v_Surfing_g20_c02/v_Surfing_g20_c02.mp4.sift_shot0_clusterBG.info.256.fisher]. Skipped !!
Dimension mismatch [0-65536-/net/per610a/export/das11f/ledduy/plsang/haipn/UCF101/descriptors/v_Surfing_g19_c01/v_Surfing_g19_c01.mp4.sift_shot0_clusterBG.info.256.fisher]. Skipped !!
Dimension mismatch [0-65536-/net/per610a/export/das11f/ledduy/plsang/haipn/UCF101/descriptors/v_Surfing_g17_c03/v_Surfing_g17_c03.mp4.sift_shot0_clusterBG.info.256.fisher]. Skipped !!
Dimension mismatch [0-65536-/net/per610a/export/das11f/ledduy/plsang/haipn/UCF101/descriptors/v_Surfing_g15_c03/v_Surfing_g15_c03.mp4.sift_shot0_clusterBG.info.256.fisher]. Skipped !!
Dimension mismatch [0-65536-/net/per610a/export/das11f/ledduy/plsang/haipn/UCF101/descriptors/v_Surfing_g15_c01/v_Surfing_g15_c01.mp4.sift_shot0_clusterBG.info.256.fisher]. Skipped !!
Dimension mismatch [0-65536-/net/per610a/export/das11f/ledduy/plsang/haipn/UCF101/descriptors/v_Surfing_g14_c04/v_Surfing_g14_c04.mp4.sift_shot0_clusterBG.info.256.fisher]. Skipped !!
Dimension mismatch [0-65536-/net/per610a/export/das11f/ledduy/plsang/haipn/UCF101/descriptors/v_Surfing_g14_c03/v_Surfing_g14_c03.mp4.sift_shot0_clusterBG.info.256.fisher]. Skipped !!
Dimension mismatch [0-65536-/net/per610a/export/das11f/ledduy/plsang/haipn/UCF101/descriptors/v_Surfing_g13_c05/v_Surfing_g13_c05.mp4.sift_shot0_clusterBG.info.256.fisher]. Skipped !!
Dimension mismatch [0-65536-/net/per610a/export/das11f/ledduy/plsang/haipn/UCF101/descriptors/v_Surfing_g13_c03/v_Surfing_g13_c03.mp4.sift_shot0_clusterBG.info.256.fisher]. Skipped !!
Dimension mismatch [0-65536-/net/per610a/export/das11f/ledduy/plsang/haipn/UCF101/descriptors/v_Surfing_g13_c01/v_Surfing_g13_c01.mp4.sift_shot0_clusterBG.info.256.fisher]. Skipped !!
Dimension mismatch [0-65536-/net/per610a/export/das11f/ledduy/plsang/haipn/UCF101/descriptors/v_Surfing_g12_c02/v_Surfing_g12_c02.mp4.sift_shot0_clusterBG.info.256.fisher]. Skipped !!
File [/net/per610a/export/das11f/ledduy/plsang/haipn/UCF101/descriptors/v_Surfing_g11_c03/v_Surfing_g11_c03.mp4.sift_shot0_clusterBG.info.256.fisher] does not exist!
Dimension mismatch [0-65536-/net/per610a/export/das11f/ledduy/plsang/haipn/UCF101/descriptors/v_Surfing_g10_c05/v_Surfing_g10_c05.mp4.sift_shot0_clusterBG.info.256.fisher]. Skipped !!
Dimension mismatch [0-65536-/net/per610a/export/das11f/ledduy/plsang/haipn/UCF101/descriptors/v_Surfing_g10_c03/v_Surfing_g10_c03.mp4.sift_shot0_clusterBG.info.256.fisher]. Skipped !!
Dimension mismatch [0-65536-/net/per610a/export/das11f/ledduy/plsang/haipn/UCF101/descriptors/v_Surfing_g10_c02/v_Surfing_g10_c02.mp4.sift_shot0_clusterBG.info.256.fisher]. Skipped !!
Dimension mismatch [0-65536-/net/per610a/export/das11f/ledduy/plsang/haipn/UCF101/descriptors/v_Surfing_g09_c05/v_Surfing_g09_c05.mp4.sift_shot0_clusterBG.info.256.fisher]. Skipped !!
Dimension mismatch [0-65536-/net/per610a/export/das11f/ledduy/plsang/haipn/UCF101/descriptors/v_Surfing_g08_c07/v_Surfing_g08_c07.mp4.sift_shot0_clusterBG.info.256.fisher]. Skipped !!
Dimension mismatch [0-65536-/net/per610a/export/das11f/ledduy/plsang/haipn/UCF101/descriptors/v_Surfing_g08_c06/v_Surfing_g08_c06.mp4.sift_shot0_clusterBG.info.256.fisher]. Skipped !!
Dimension mismatch [0-65536-/net/per610a/export/das11f/ledduy/plsang/haipn/UCF101/descriptors/v_Surfing_g07_c02/v_Surfing_g07_c02.mp4.sift_shot0_clusterBG.info.256.fisher]. Skipped !!
Dimension mismatch [0-65536-/net/per610a/export/das11f/ledduy/plsang/haipn/UCF101/descriptors/v_Swing_g24_c04/v_Swing_g24_c04.mp4.sift_shot0_clusterBG.info.256.fisher]. Skipped !!
Dimension mismatch [0-65536-/net/per610a/export/das11f/ledduy/plsang/haipn/UCF101/descriptors/v_Swing_g24_c02/v_Swing_g24_c02.mp4.sift_shot0_clusterBG.info.256.fisher]. Skipped !!
Dimension mismatch [0-65536-/net/per610a/export/das11f/ledduy/plsang/haipn/UCF101/descriptors/v_VolleyballSpiking_g07_c01/v_VolleyballSpiking_g07_c01.mp4.sift_shot0_clusterBG.info.256.fisher]. Skipped !!
Dimension mismatch [0-65536-/net/per610a/export/das11f/ledduy/plsang/haipn/UCF101/descriptors/v_VolleyballSpiking_g05_c05/v_VolleyballSpiking_g05_c05.mp4.sift_shot0_clusterBG.info.256.fisher]. Skipped !!
Dimension mismatch [0-65536-/net/per610a/export/das11f/ledduy/plsang/haipn/UCF101/descriptors/v_WalkingWithDog_g24_c06/v_WalkingWithDog_g24_c06.mp4.sift_shot0_clusterBG.info.256.fisher]. Skipped !!
Dimension mismatch [0-65536-/net/per610a/export/das11f/ledduy/plsang/haipn/UCF101/descriptors/v_WalkingWithDog_g24_c05/v_WalkingWithDog_g24_c05.mp4.sift_shot0_clusterBG.info.256.fisher]. Skipped !!
Dimension mismatch [0-65536-/net/per610a/export/das11f/ledduy/plsang/haipn/UCF101/descriptors/v_WalkingWithDog_g22_c04/v_WalkingWithDog_g22_c04.mp4.sift_shot0_clusterBG.info.256.fisher]. Skipped !!
Dimension mismatch [0-65536-/net/per610a/export/das11f/ledduy/plsang/haipn/UCF101/descriptors/v_WalkingWithDog_g22_c03/v_WalkingWithDog_g22_c03.mp4.sift_shot0_clusterBG.info.256.fisher]. Skipped !!
Dimension mismatch [0-65536-/net/per610a/export/das11f/ledduy/plsang/haipn/UCF101/descriptors/v_WalkingWithDog_g22_c01/v_WalkingWithDog_g22_c01.mp4.sift_shot0_clusterBG.info.256.fisher]. Skipped !!
Dimension mismatch [0-65536-/net/per610a/export/das11f/ledduy/plsang/haipn/UCF101/descriptors/v_WalkingWithDog_g21_c04/v_WalkingWithDog_g21_c04.mp4.sift_shot0_clusterBG.info.256.fisher]. Skipped !!
Dimension mismatch [0-65536-/net/per610a/export/das11f/ledduy/plsang/haipn/UCF101/descriptors/v_YoYo_g18_c04/v_YoYo_g18_c04.mp4.sift_shot0_clusterBG.info.256.fisher]. Skipped !!
Dimension mismatch [0-65536-/net/per610a/export/das11f/ledduy/plsang/haipn/UCF101/descriptors/v_WalkingWithDog_g21_c02/v_WalkingWithDog_g21_c02.mp4.sift_shot0_clusterBG.info.256.fisher]. Skipped !!
Dimension mismatch [0-65536-/net/per610a/export/das11f/ledduy/plsang/haipn/UCF101/descriptors/v_WalkingWithDog_g20_c04/v_WalkingWithDog_g20_c04.mp4.sift_shot0_clusterBG.info.256.fisher]. Skipped !!
Dimension mismatch [0-65536-/net/per610a/export/das11f/ledduy/plsang/haipn/UCF101/descriptors/v_WalkingWithDog_g20_c01/v_WalkingWithDog_g20_c01.mp4.sift_shot0_clusterBG.info.256.fisher]. Skipped !!
Dimension mismatch [0-65536-/net/per610a/export/das11f/ledduy/plsang/haipn/UCF101/descriptors/v_WalkingWithDog_g19_c05/v_WalkingWithDog_g19_c05.mp4.sift_shot0_clusterBG.info.256.fisher]. Skipped !!
Dimension mismatch [0-65536-/net/per610a/export/das11f/ledduy/plsang/haipn/UCF101/descriptors/v_WalkingWithDog_g17_c02/v_WalkingWithDog_g17_c02.mp4.sift_shot0_clusterBG.info.256.fisher]. Skipped !!
File [/net/per610a/export/das11f/ledduy/plsang/haipn/UCF101/descriptors/v_WalkingWithDog_g06_c05/v_WalkingWithDog_g06_c05.mp4.sift_shot0_clusterBG.info.256.fisher] does not exist!
File [/net/per610a/export/das11f/ledduy/plsang/haipn/UCF101/descriptors/v_WalkingWithDog_g06_c04/v_WalkingWithDog_g06_c04.mp4.sift_shot0_clusterBG.info.256.fisher] does not exist!
Dimension mismatch [0-65536-/net/per610a/export/das11f/ledduy/plsang/haipn/UCF101/descriptors/v_WalkingWithDog_g05_c01/v_WalkingWithDog_g05_c01.mp4.sift_shot0_clusterBG.info.256.fisher]. Skipped !!
